{"/Users/sangeetha/Documents/HackReactor/remote-course/SDC_NEW/sdc/sdc_server/qaAPI/API/qandaAPI.js": {"path":"/Users/sangeetha/Documents/HackReactor/remote-course/SDC_NEW/sdc/sdc_server/qaAPI/API/qandaAPI.js","statementMap":{"0":{"start":{"line":3,"column":16},"end":{"line":3,"column":34}},"1":{"start":{"line":4,"column":19},"end":{"line":4,"column":41}},"2":{"start":{"line":5,"column":20},"end":{"line":5,"column":42}},"3":{"start":{"line":7,"column":30},"end":{"line":7,"column":64}},"4":{"start":{"line":8,"column":35},"end":{"line":8,"column":69}},"5":{"start":{"line":9,"column":25},"end":{"line":9,"column":60}},"6":{"start":{"line":10,"column":37},"end":{"line":10,"column":72}},"7":{"start":{"line":11,"column":15},"end":{"line":11,"column":50}},"8":{"start":{"line":13,"column":12},"end":{"line":13,"column":21}},"9":{"start":{"line":16,"column":0},"end":{"line":16,"column":27}},"10":{"start":{"line":17,"column":0},"end":{"line":17,"column":45}},"11":{"start":{"line":18,"column":0},"end":{"line":18,"column":23}},"12":{"start":{"line":19,"column":0},"end":{"line":19,"column":24}},"13":{"start":{"line":22,"column":0},"end":{"line":35,"column":3}},"14":{"start":{"line":23,"column":19},"end":{"line":23,"column":39}},"15":{"start":{"line":24,"column":2},"end":{"line":33,"column":4}},"16":{"start":{"line":27,"column":4},"end":{"line":27,"column":25}},"17":{"start":{"line":28,"column":4},"end":{"line":28,"column":21}},"18":{"start":{"line":31,"column":4},"end":{"line":31,"column":25}},"19":{"start":{"line":32,"column":4},"end":{"line":32,"column":20}},"20":{"start":{"line":36,"column":0},"end":{"line":69,"column":3}},"21":{"start":{"line":37,"column":20},"end":{"line":37,"column":42}},"22":{"start":{"line":38,"column":2},"end":{"line":38,"column":71}},"23":{"start":{"line":39,"column":18},"end":{"line":39,"column":20}},"24":{"start":{"line":40,"column":2},"end":{"line":40,"column":35}},"25":{"start":{"line":41,"column":2},"end":{"line":67,"column":4}},"26":{"start":{"line":43,"column":4},"end":{"line":43,"column":27}},"27":{"start":{"line":44,"column":6},"end":{"line":60,"column":10}},"28":{"start":{"line":45,"column":24},"end":{"line":45,"column":26}},"29":{"start":{"line":46,"column":10},"end":{"line":46,"column":42}},"30":{"start":{"line":47,"column":10},"end":{"line":47,"column":39}},"31":{"start":{"line":48,"column":10},"end":{"line":48,"column":57}},"32":{"start":{"line":49,"column":10},"end":{"line":49,"column":53}},"33":{"start":{"line":50,"column":10},"end":{"line":50,"column":39}},"34":{"start":{"line":51,"column":10},"end":{"line":51,"column":32}},"35":{"start":{"line":52,"column":10},"end":{"line":57,"column":13}},"36":{"start":{"line":53,"column":27},"end":{"line":53,"column":29}},"37":{"start":{"line":54,"column":12},"end":{"line":54,"column":35}},"38":{"start":{"line":55,"column":12},"end":{"line":55,"column":37}},"39":{"start":{"line":56,"column":12},"end":{"line":56,"column":44}},"40":{"start":{"line":59,"column":10},"end":{"line":59,"column":45}},"41":{"start":{"line":61,"column":4},"end":{"line":61,"column":25}},"42":{"start":{"line":62,"column":4},"end":{"line":62,"column":24}},"43":{"start":{"line":65,"column":4},"end":{"line":65,"column":25}},"44":{"start":{"line":66,"column":4},"end":{"line":66,"column":20}},"45":{"start":{"line":72,"column":0},"end":{"line":90,"column":3}},"46":{"start":{"line":73,"column":2},"end":{"line":73,"column":30}},"47":{"start":{"line":74,"column":2},"end":{"line":74,"column":24}},"48":{"start":{"line":75,"column":21},"end":{"line":75,"column":29}},"49":{"start":{"line":76,"column":2},"end":{"line":76,"column":28}},"50":{"start":{"line":77,"column":2},"end":{"line":87,"column":4}},"51":{"start":{"line":78,"column":4},"end":{"line":86,"column":5}},"52":{"start":{"line":79,"column":6},"end":{"line":79,"column":30}},"53":{"start":{"line":81,"column":6},"end":{"line":81,"column":31}},"54":{"start":{"line":83,"column":6},"end":{"line":83,"column":30}},"55":{"start":{"line":85,"column":6},"end":{"line":85,"column":37}},"56":{"start":{"line":91,"column":0},"end":{"line":104,"column":2}},"57":{"start":{"line":92,"column":19},"end":{"line":92,"column":27}},"58":{"start":{"line":93,"column":20},"end":{"line":93,"column":42}},"59":{"start":{"line":95,"column":2},"end":{"line":103,"column":4}},"60":{"start":{"line":96,"column":4},"end":{"line":102,"column":5}},"61":{"start":{"line":97,"column":6},"end":{"line":97,"column":32}},"62":{"start":{"line":100,"column":6},"end":{"line":100,"column":38}},"63":{"start":{"line":105,"column":0},"end":{"line":116,"column":3}},"64":{"start":{"line":106,"column":19},"end":{"line":106,"column":41}},"65":{"start":{"line":107,"column":2},"end":{"line":115,"column":4}},"66":{"start":{"line":108,"column":4},"end":{"line":114,"column":5}},"67":{"start":{"line":109,"column":6},"end":{"line":109,"column":32}},"68":{"start":{"line":112,"column":6},"end":{"line":112,"column":29}},"69":{"start":{"line":118,"column":0},"end":{"line":129,"column":3}},"70":{"start":{"line":120,"column":17},"end":{"line":120,"column":37}},"71":{"start":{"line":121,"column":2},"end":{"line":128,"column":4}},"72":{"start":{"line":123,"column":4},"end":{"line":123,"column":26}},"73":{"start":{"line":127,"column":4},"end":{"line":127,"column":32}},"74":{"start":{"line":130,"column":0},"end":{"line":139,"column":3}},"75":{"start":{"line":131,"column":17},"end":{"line":131,"column":37}},"76":{"start":{"line":132,"column":2},"end":{"line":138,"column":4}},"77":{"start":{"line":134,"column":4},"end":{"line":134,"column":30}},"78":{"start":{"line":137,"column":4},"end":{"line":137,"column":32}},"79":{"start":{"line":140,"column":0},"end":{"line":153,"column":3}},"80":{"start":{"line":141,"column":19},"end":{"line":141,"column":41}},"81":{"start":{"line":142,"column":2},"end":{"line":142,"column":30}},"82":{"start":{"line":143,"column":2},"end":{"line":143,"column":40}},"83":{"start":{"line":144,"column":2},"end":{"line":152,"column":4}},"84":{"start":{"line":145,"column":4},"end":{"line":151,"column":5}},"85":{"start":{"line":146,"column":6},"end":{"line":146,"column":32}},"86":{"start":{"line":149,"column":6},"end":{"line":149,"column":29}},"87":{"start":{"line":155,"column":0},"end":{"line":155,"column":21}}},"fnMap":{"0":{"name":"(anonymous_0)","decl":{"start":{"line":22,"column":26},"end":{"line":22,"column":27}},"loc":{"start":{"line":22,"column":37},"end":{"line":35,"column":1}},"line":22},"1":{"name":"(anonymous_1)","decl":{"start":{"line":25,"column":8},"end":{"line":25,"column":9}},"loc":{"start":{"line":25,"column":18},"end":{"line":29,"column":3}},"line":25},"2":{"name":"(anonymous_2)","decl":{"start":{"line":30,"column":9},"end":{"line":30,"column":10}},"loc":{"start":{"line":30,"column":20},"end":{"line":33,"column":3}},"line":30},"3":{"name":"(anonymous_3)","decl":{"start":{"line":36,"column":46},"end":{"line":36,"column":47}},"loc":{"start":{"line":36,"column":59},"end":{"line":69,"column":1}},"line":36},"4":{"name":"(anonymous_4)","decl":{"start":{"line":42,"column":8},"end":{"line":42,"column":9}},"loc":{"start":{"line":42,"column":30},"end":{"line":63,"column":3}},"line":42},"5":{"name":"(anonymous_5)","decl":{"start":{"line":44,"column":31},"end":{"line":44,"column":32}},"loc":{"start":{"line":44,"column":43},"end":{"line":60,"column":8}},"line":44},"6":{"name":"(anonymous_6)","decl":{"start":{"line":52,"column":32},"end":{"line":52,"column":33}},"loc":{"start":{"line":52,"column":43},"end":{"line":57,"column":11}},"line":52},"7":{"name":"(anonymous_7)","decl":{"start":{"line":64,"column":9},"end":{"line":64,"column":10}},"loc":{"start":{"line":64,"column":20},"end":{"line":67,"column":3}},"line":64},"8":{"name":"(anonymous_8)","decl":{"start":{"line":72,"column":27},"end":{"line":72,"column":28}},"loc":{"start":{"line":72,"column":40},"end":{"line":90,"column":1}},"line":72},"9":{"name":"(anonymous_9)","decl":{"start":{"line":77,"column":31},"end":{"line":77,"column":32}},"loc":{"start":{"line":77,"column":45},"end":{"line":87,"column":3}},"line":77},"10":{"name":"(anonymous_10)","decl":{"start":{"line":91,"column":47},"end":{"line":91,"column":48}},"loc":{"start":{"line":91,"column":60},"end":{"line":104,"column":1}},"line":91},"11":{"name":"(anonymous_11)","decl":{"start":{"line":95,"column":54},"end":{"line":95,"column":55}},"loc":{"start":{"line":95,"column":67},"end":{"line":103,"column":3}},"line":95},"12":{"name":"(anonymous_12)","decl":{"start":{"line":105,"column":45},"end":{"line":105,"column":46}},"loc":{"start":{"line":105,"column":59},"end":{"line":116,"column":1}},"line":105},"13":{"name":"(anonymous_13)","decl":{"start":{"line":107,"column":42},"end":{"line":107,"column":43}},"loc":{"start":{"line":107,"column":56},"end":{"line":115,"column":3}},"line":107},"14":{"name":"(anonymous_14)","decl":{"start":{"line":118,"column":41},"end":{"line":118,"column":42}},"loc":{"start":{"line":118,"column":55},"end":{"line":129,"column":1}},"line":118},"15":{"name":"(anonymous_15)","decl":{"start":{"line":122,"column":8},"end":{"line":122,"column":9}},"loc":{"start":{"line":122,"column":18},"end":{"line":125,"column":3}},"line":122},"16":{"name":"(anonymous_16)","decl":{"start":{"line":126,"column":9},"end":{"line":126,"column":10}},"loc":{"start":{"line":126,"column":20},"end":{"line":128,"column":3}},"line":126},"17":{"name":"(anonymous_17)","decl":{"start":{"line":130,"column":42},"end":{"line":130,"column":43}},"loc":{"start":{"line":130,"column":56},"end":{"line":139,"column":1}},"line":130},"18":{"name":"(anonymous_18)","decl":{"start":{"line":133,"column":8},"end":{"line":133,"column":9}},"loc":{"start":{"line":133,"column":18},"end":{"line":135,"column":3}},"line":133},"19":{"name":"(anonymous_19)","decl":{"start":{"line":136,"column":9},"end":{"line":136,"column":10}},"loc":{"start":{"line":136,"column":20},"end":{"line":138,"column":3}},"line":136},"20":{"name":"(anonymous_20)","decl":{"start":{"line":140,"column":46},"end":{"line":140,"column":47}},"loc":{"start":{"line":140,"column":60},"end":{"line":153,"column":1}},"line":140},"21":{"name":"(anonymous_21)","decl":{"start":{"line":144,"column":43},"end":{"line":144,"column":44}},"loc":{"start":{"line":144,"column":57},"end":{"line":152,"column":3}},"line":144}},"branchMap":{"0":{"loc":{"start":{"line":78,"column":4},"end":{"line":86,"column":5}},"type":"if","locations":[{"start":{"line":78,"column":4},"end":{"line":86,"column":5}},{"start":{"line":82,"column":11},"end":{"line":86,"column":5}}],"line":78},"1":{"loc":{"start":{"line":96,"column":4},"end":{"line":102,"column":5}},"type":"if","locations":[{"start":{"line":96,"column":4},"end":{"line":102,"column":5}},{"start":{"line":99,"column":10},"end":{"line":102,"column":5}}],"line":96},"2":{"loc":{"start":{"line":108,"column":4},"end":{"line":114,"column":5}},"type":"if","locations":[{"start":{"line":108,"column":4},"end":{"line":114,"column":5}},{"start":{"line":111,"column":11},"end":{"line":114,"column":5}}],"line":108},"3":{"loc":{"start":{"line":145,"column":4},"end":{"line":151,"column":5}},"type":"if","locations":[{"start":{"line":145,"column":4},"end":{"line":151,"column":5}},{"start":{"line":148,"column":11},"end":{"line":151,"column":5}}],"line":145}},"s":{"0":1,"1":1,"2":1,"3":1,"4":1,"5":1,"6":1,"7":1,"8":1,"9":1,"10":1,"11":1,"12":1,"13":1,"14":3,"15":3,"16":2,"17":2,"18":1,"19":1,"20":1,"21":1,"22":1,"23":1,"24":1,"25":1,"26":1,"27":1,"28":3,"29":3,"30":3,"31":3,"32":3,"33":3,"34":3,"35":3,"36":1,"37":1,"38":1,"39":1,"40":3,"41":1,"42":1,"43":0,"44":0,"45":1,"46":1,"47":1,"48":1,"49":1,"50":1,"51":1,"52":0,"53":0,"54":1,"55":1,"56":1,"57":2,"58":2,"59":2,"60":2,"61":1,"62":1,"63":1,"64":2,"65":2,"66":2,"67":0,"68":2,"69":1,"70":2,"71":2,"72":2,"73":0,"74":1,"75":1,"76":1,"77":1,"78":0,"79":1,"80":1,"81":1,"82":1,"83":1,"84":1,"85":0,"86":1,"87":1},"f":{"0":3,"1":2,"2":1,"3":1,"4":1,"5":3,"6":1,"7":0,"8":1,"9":1,"10":2,"11":2,"12":2,"13":2,"14":2,"15":2,"16":0,"17":1,"18":1,"19":0,"20":1,"21":1},"b":{"0":[0,1],"1":[1,1],"2":[0,2],"3":[0,1]},"_coverageSchema":"1a1c01bbd47fc00a2c39e90264f33305004495a9","hash":"a59fd82f74b8be58b0922efb213374b48de8fb18"}
,"/Users/sangeetha/Documents/HackReactor/remote-course/SDC_NEW/sdc/sdc_server/qaAPI/Controllers/fetch.js": {"path":"/Users/sangeetha/Documents/HackReactor/remote-course/SDC_NEW/sdc/sdc_server/qaAPI/Controllers/fetch.js","statementMap":{"0":{"start":{"line":6,"column":19},"end":{"line":6,"column":44}},"1":{"start":{"line":8,"column":32},"end":{"line":8,"column":57}},"2":{"start":{"line":105,"column":32},"end":{"line":140,"column":2}},"3":{"start":{"line":106,"column":2},"end":{"line":138,"column":5}},"4":{"start":{"line":108,"column":4},"end":{"line":137,"column":6}},"5":{"start":{"line":109,"column":6},"end":{"line":136,"column":7}},"6":{"start":{"line":110,"column":8},"end":{"line":110,"column":19}},"7":{"start":{"line":112,"column":21},"end":{"line":112,"column":23}},"8":{"start":{"line":114,"column":7},"end":{"line":133,"column":8}},"9":{"start":{"line":114,"column":17},"end":{"line":114,"column":18}},"10":{"start":{"line":115,"column":24},"end":{"line":115,"column":26}},"11":{"start":{"line":116,"column":8},"end":{"line":116,"column":46}},"12":{"start":{"line":117,"column":8},"end":{"line":117,"column":64}},"13":{"start":{"line":118,"column":8},"end":{"line":118,"column":50}},"14":{"start":{"line":119,"column":8},"end":{"line":119,"column":68}},"15":{"start":{"line":120,"column":8},"end":{"line":120,"column":70}},"16":{"start":{"line":121,"column":8},"end":{"line":121,"column":58}},"17":{"start":{"line":122,"column":8},"end":{"line":122,"column":65}},"18":{"start":{"line":123,"column":8},"end":{"line":123,"column":50}},"19":{"start":{"line":124,"column":8},"end":{"line":124,"column":30}},"20":{"start":{"line":125,"column":8},"end":{"line":131,"column":9}},"21":{"start":{"line":126,"column":25},"end":{"line":126,"column":27}},"22":{"start":{"line":127,"column":10},"end":{"line":127,"column":33}},"23":{"start":{"line":128,"column":10},"end":{"line":128,"column":35}},"24":{"start":{"line":129,"column":10},"end":{"line":129,"column":42}},"25":{"start":{"line":132,"column":8},"end":{"line":132,"column":32}},"26":{"start":{"line":134,"column":7},"end":{"line":134,"column":24}},"27":{"start":{"line":142,"column":26},"end":{"line":207,"column":1}},"28":{"start":{"line":144,"column":2},"end":{"line":206,"column":3}},"29":{"start":{"line":145,"column":20},"end":{"line":145,"column":22}},"30":{"start":{"line":146,"column":4},"end":{"line":146,"column":37}},"31":{"start":{"line":147,"column":4},"end":{"line":147,"column":27}},"32":{"start":{"line":148,"column":4},"end":{"line":150,"column":5}},"33":{"start":{"line":149,"column":6},"end":{"line":149,"column":37}},"34":{"start":{"line":151,"column":4},"end":{"line":204,"column":5}},"35":{"start":{"line":152,"column":6},"end":{"line":203,"column":5}},"36":{"start":{"line":153,"column":8},"end":{"line":153,"column":19}},"37":{"start":{"line":155,"column":32},"end":{"line":155,"column":34}},"38":{"start":{"line":157,"column":8},"end":{"line":160,"column":9}},"39":{"start":{"line":157,"column":18},"end":{"line":157,"column":19}},"40":{"start":{"line":159,"column":9},"end":{"line":159,"column":83}},"41":{"start":{"line":161,"column":8},"end":{"line":202,"column":9}},"42":{"start":{"line":166,"column":11},"end":{"line":195,"column":12}},"43":{"start":{"line":166,"column":21},"end":{"line":166,"column":22}},"44":{"start":{"line":168,"column":31},"end":{"line":168,"column":33}},"45":{"start":{"line":169,"column":13},"end":{"line":169,"column":64}},"46":{"start":{"line":170,"column":13},"end":{"line":170,"column":62}},"47":{"start":{"line":171,"column":13},"end":{"line":171,"column":64}},"48":{"start":{"line":172,"column":13},"end":{"line":172,"column":58}},"49":{"start":{"line":173,"column":13},"end":{"line":173,"column":68}},"50":{"start":{"line":174,"column":13},"end":{"line":174,"column":82}},"51":{"start":{"line":175,"column":13},"end":{"line":175,"column":69}},"52":{"start":{"line":177,"column":27},"end":{"line":177,"column":56}},"53":{"start":{"line":179,"column":13},"end":{"line":179,"column":38}},"54":{"start":{"line":180,"column":13},"end":{"line":190,"column":14}},"55":{"start":{"line":180,"column":23},"end":{"line":180,"column":24}},"56":{"start":{"line":181,"column":28},"end":{"line":181,"column":54}},"57":{"start":{"line":182,"column":31},"end":{"line":182,"column":33}},"58":{"start":{"line":183,"column":15},"end":{"line":185,"column":16}},"59":{"start":{"line":184,"column":16},"end":{"line":184,"column":41}},"60":{"start":{"line":186,"column":15},"end":{"line":186,"column":54}},"61":{"start":{"line":187,"column":30},"end":{"line":187,"column":43}},"62":{"start":{"line":188,"column":15},"end":{"line":188,"column":58}},"63":{"start":{"line":192,"column":13},"end":{"line":192,"column":49}},"64":{"start":{"line":198,"column":11},"end":{"line":198,"column":30}},"65":{"start":{"line":201,"column":8},"end":{"line":201,"column":22}},"66":{"start":{"line":229,"column":0},"end":{"line":233,"column":1}}},"fnMap":{"0":{"name":"(anonymous_0)","decl":{"start":{"line":105,"column":32},"end":{"line":105,"column":33}},"loc":{"start":{"line":105,"column":52},"end":{"line":140,"column":2}},"line":105},"1":{"name":"(anonymous_1)","decl":{"start":{"line":106,"column":21},"end":{"line":106,"column":22}},"loc":{"start":{"line":106,"column":42},"end":{"line":138,"column":3}},"line":106},"2":{"name":"(anonymous_2)","decl":{"start":{"line":108,"column":57},"end":{"line":108,"column":58}},"loc":{"start":{"line":108,"column":84},"end":{"line":137,"column":5}},"line":108},"3":{"name":"(anonymous_3)","decl":{"start":{"line":142,"column":26},"end":{"line":142,"column":27}},"loc":{"start":{"line":142,"column":46},"end":{"line":207,"column":1}},"line":142},"4":{"name":"(anonymous_4)","decl":{"start":{"line":144,"column":21},"end":{"line":144,"column":22}},"loc":{"start":{"line":144,"column":42},"end":{"line":206,"column":1}},"line":144},"5":{"name":"(anonymous_5)","decl":{"start":{"line":151,"column":42},"end":{"line":151,"column":43}},"loc":{"start":{"line":151,"column":61},"end":{"line":204,"column":3}},"line":151},"6":{"name":"(anonymous_6)","decl":{"start":{"line":162,"column":14},"end":{"line":162,"column":15}},"loc":{"start":{"line":162,"column":37},"end":{"line":199,"column":7}},"line":162},"7":{"name":"(anonymous_7)","decl":{"start":{"line":200,"column":13},"end":{"line":200,"column":14}},"loc":{"start":{"line":200,"column":24},"end":{"line":202,"column":7}},"line":200}},"branchMap":{"0":{"loc":{"start":{"line":109,"column":6},"end":{"line":136,"column":7}},"type":"if","locations":[{"start":{"line":109,"column":6},"end":{"line":136,"column":7}},{"start":{"line":111,"column":12},"end":{"line":136,"column":7}}],"line":109},"1":{"loc":{"start":{"line":148,"column":4},"end":{"line":150,"column":5}},"type":"if","locations":[{"start":{"line":148,"column":4},"end":{"line":150,"column":5}},{"start":{},"end":{}}],"line":148},"2":{"loc":{"start":{"line":152,"column":6},"end":{"line":203,"column":5}},"type":"if","locations":[{"start":{"line":152,"column":6},"end":{"line":203,"column":5}},{"start":{"line":154,"column":12},"end":{"line":203,"column":5}}],"line":152}},"s":{"0":1,"1":1,"2":1,"3":5,"4":5,"5":5,"6":0,"7":5,"8":5,"9":5,"10":11,"11":11,"12":11,"13":11,"14":11,"15":11,"16":11,"17":11,"18":11,"19":11,"20":11,"21":2,"22":2,"23":2,"24":2,"25":11,"26":5,"27":1,"28":3,"29":3,"30":3,"31":3,"32":3,"33":1,"34":3,"35":3,"36":0,"37":3,"38":3,"39":3,"40":4,"41":3,"42":3,"43":3,"44":4,"45":4,"46":4,"47":4,"48":4,"49":4,"50":4,"51":4,"52":4,"53":4,"54":4,"55":4,"56":8,"57":8,"58":8,"59":1,"60":8,"61":8,"62":8,"63":4,"64":3,"65":0,"66":1},"f":{"0":5,"1":5,"2":5,"3":3,"4":3,"5":3,"6":3,"7":0},"b":{"0":[0,5],"1":[1,2],"2":[0,3]},"_coverageSchema":"1a1c01bbd47fc00a2c39e90264f33305004495a9","hash":"6ce7d8f6d35756e89af10f6e9a54132ddb860dfb"}
,"/Users/sangeetha/Documents/HackReactor/remote-course/SDC_NEW/sdc/sdc_server/qaAPI/Controllers/insert.js": {"path":"/Users/sangeetha/Documents/HackReactor/remote-course/SDC_NEW/sdc/sdc_server/qaAPI/Controllers/insert.js","statementMap":{"0":{"start":{"line":4,"column":19},"end":{"line":4,"column":44}},"1":{"start":{"line":6,"column":32},"end":{"line":6,"column":57}},"2":{"start":{"line":9,"column":18},"end":{"line":24,"column":1}},"3":{"start":{"line":10,"column":2},"end":{"line":23,"column":5}},"4":{"start":{"line":12,"column":5},"end":{"line":21,"column":7}},"5":{"start":{"line":13,"column":6},"end":{"line":19,"column":8}},"6":{"start":{"line":15,"column":8},"end":{"line":15,"column":35}},"7":{"start":{"line":18,"column":8},"end":{"line":18,"column":26}},"8":{"start":{"line":34,"column":23},"end":{"line":65,"column":1}},"9":{"start":{"line":36,"column":15},"end":{"line":36,"column":17}},"10":{"start":{"line":37,"column":2},"end":{"line":64,"column":4}},"11":{"start":{"line":40,"column":6},"end":{"line":40,"column":18}},"12":{"start":{"line":41,"column":6},"end":{"line":41,"column":33}},"13":{"start":{"line":42,"column":6},"end":{"line":42,"column":52}},"14":{"start":{"line":43,"column":6},"end":{"line":43,"column":49}},"15":{"start":{"line":44,"column":6},"end":{"line":44,"column":42}},"16":{"start":{"line":45,"column":6},"end":{"line":45,"column":46}},"17":{"start":{"line":46,"column":6},"end":{"line":46,"column":48}},"18":{"start":{"line":47,"column":6},"end":{"line":47,"column":32}},"19":{"start":{"line":48,"column":6},"end":{"line":48,"column":40}},"20":{"start":{"line":49,"column":6},"end":{"line":49,"column":40}},"21":{"start":{"line":50,"column":17},"end":{"line":50,"column":39}},"22":{"start":{"line":51,"column":6},"end":{"line":51,"column":32}},"23":{"start":{"line":52,"column":6},"end":{"line":59,"column":8}},"24":{"start":{"line":53,"column":8},"end":{"line":58,"column":9}},"25":{"start":{"line":54,"column":9},"end":{"line":54,"column":20}},"26":{"start":{"line":57,"column":10},"end":{"line":57,"column":35}},"27":{"start":{"line":62,"column":4},"end":{"line":62,"column":32}},"28":{"start":{"line":63,"column":4},"end":{"line":63,"column":20}},"29":{"start":{"line":132,"column":35},"end":{"line":169,"column":1}},"30":{"start":{"line":134,"column":15},"end":{"line":134,"column":17}},"31":{"start":{"line":135,"column":2},"end":{"line":168,"column":5}},"32":{"start":{"line":137,"column":6},"end":{"line":137,"column":44}},"33":{"start":{"line":138,"column":6},"end":{"line":138,"column":18}},"34":{"start":{"line":139,"column":6},"end":{"line":139,"column":21}},"35":{"start":{"line":140,"column":6},"end":{"line":140,"column":39}},"36":{"start":{"line":141,"column":6},"end":{"line":141,"column":36}},"37":{"start":{"line":142,"column":6},"end":{"line":142,"column":47}},"38":{"start":{"line":143,"column":6},"end":{"line":143,"column":45}},"39":{"start":{"line":144,"column":6},"end":{"line":144,"column":31}},"40":{"start":{"line":145,"column":6},"end":{"line":145,"column":30}},"41":{"start":{"line":146,"column":6},"end":{"line":146,"column":29}},"42":{"start":{"line":147,"column":6},"end":{"line":147,"column":25}},"43":{"start":{"line":148,"column":6},"end":{"line":156,"column":7}},"44":{"start":{"line":149,"column":8},"end":{"line":155,"column":9}},"45":{"start":{"line":149,"column":18},"end":{"line":149,"column":19}},"46":{"start":{"line":150,"column":25},"end":{"line":150,"column":27}},"47":{"start":{"line":151,"column":10},"end":{"line":151,"column":26}},"48":{"start":{"line":152,"column":10},"end":{"line":152,"column":46}},"49":{"start":{"line":153,"column":10},"end":{"line":153,"column":41}},"50":{"start":{"line":154,"column":10},"end":{"line":154,"column":39}},"51":{"start":{"line":158,"column":22},"end":{"line":158,"column":55}},"52":{"start":{"line":159,"column":6},"end":{"line":167,"column":9}},"53":{"start":{"line":160,"column":8},"end":{"line":166,"column":9}},"54":{"start":{"line":162,"column":9},"end":{"line":162,"column":23}},"55":{"start":{"line":165,"column":10},"end":{"line":165,"column":36}},"56":{"start":{"line":186,"column":0},"end":{"line":189,"column":1}}},"fnMap":{"0":{"name":"(anonymous_0)","decl":{"start":{"line":9,"column":18},"end":{"line":9,"column":19}},"loc":{"start":{"line":9,"column":26},"end":{"line":24,"column":1}},"line":9},"1":{"name":"(anonymous_1)","decl":{"start":{"line":10,"column":22},"end":{"line":10,"column":23}},"loc":{"start":{"line":10,"column":43},"end":{"line":23,"column":3}},"line":10},"2":{"name":"(anonymous_2)","decl":{"start":{"line":12,"column":37},"end":{"line":12,"column":38}},"loc":{"start":{"line":12,"column":57},"end":{"line":21,"column":5}},"line":12},"3":{"name":"(anonymous_3)","decl":{"start":{"line":34,"column":23},"end":{"line":34,"column":24}},"loc":{"start":{"line":34,"column":51},"end":{"line":65,"column":1}},"line":34},"4":{"name":"(anonymous_4)","decl":{"start":{"line":38,"column":8},"end":{"line":38,"column":9}},"loc":{"start":{"line":38,"column":20},"end":{"line":60,"column":3}},"line":38},"5":{"name":"(anonymous_5)","decl":{"start":{"line":52,"column":16},"end":{"line":52,"column":17}},"loc":{"start":{"line":52,"column":25},"end":{"line":59,"column":7}},"line":52},"6":{"name":"(anonymous_6)","decl":{"start":{"line":61,"column":9},"end":{"line":61,"column":10}},"loc":{"start":{"line":61,"column":20},"end":{"line":64,"column":3}},"line":61},"7":{"name":"(anonymous_7)","decl":{"start":{"line":132,"column":35},"end":{"line":132,"column":36}},"loc":{"start":{"line":132,"column":79},"end":{"line":169,"column":1}},"line":132},"8":{"name":"(anonymous_8)","decl":{"start":{"line":136,"column":8},"end":{"line":136,"column":9}},"loc":{"start":{"line":136,"column":20},"end":{"line":168,"column":3}},"line":136},"9":{"name":"(anonymous_9)","decl":{"start":{"line":159,"column":21},"end":{"line":159,"column":22}},"loc":{"start":{"line":159,"column":30},"end":{"line":167,"column":7}},"line":159}},"branchMap":{"0":{"loc":{"start":{"line":13,"column":6},"end":{"line":19,"column":8}},"type":"if","locations":[{"start":{"line":13,"column":6},"end":{"line":19,"column":8}},{"start":{"line":16,"column":14},"end":{"line":19,"column":8}}],"line":13},"1":{"loc":{"start":{"line":53,"column":8},"end":{"line":58,"column":9}},"type":"if","locations":[{"start":{"line":53,"column":8},"end":{"line":58,"column":9}},{"start":{"line":56,"column":15},"end":{"line":58,"column":9}}],"line":53},"2":{"loc":{"start":{"line":148,"column":6},"end":{"line":156,"column":7}},"type":"if","locations":[{"start":{"line":148,"column":6},"end":{"line":156,"column":7}},{"start":{},"end":{}}],"line":148},"3":{"loc":{"start":{"line":148,"column":9},"end":{"line":148,"column":72}},"type":"binary-expr","locations":[{"start":{"line":148,"column":9},"end":{"line":148,"column":40}},{"start":{"line":148,"column":44},"end":{"line":148,"column":72}}],"line":148},"4":{"loc":{"start":{"line":160,"column":8},"end":{"line":166,"column":9}},"type":"if","locations":[{"start":{"line":160,"column":8},"end":{"line":166,"column":9}},{"start":{"line":163,"column":15},"end":{"line":166,"column":9}}],"line":160}},"s":{"0":1,"1":1,"2":1,"3":3,"4":3,"5":3,"6":1,"7":2,"8":1,"9":1,"10":1,"11":1,"12":1,"13":1,"14":1,"15":1,"16":1,"17":1,"18":1,"19":1,"20":1,"21":1,"22":1,"23":1,"24":1,"25":0,"26":1,"27":0,"28":0,"29":1,"30":2,"31":2,"32":2,"33":2,"34":2,"35":2,"36":2,"37":2,"38":2,"39":2,"40":2,"41":2,"42":2,"43":2,"44":1,"45":1,"46":1,"47":1,"48":1,"49":1,"50":1,"51":2,"52":2,"53":2,"54":1,"55":1,"56":1},"f":{"0":3,"1":3,"2":3,"3":1,"4":1,"5":1,"6":0,"7":2,"8":2,"9":2},"b":{"0":[1,2],"1":[0,1],"2":[1,1],"3":[2,1],"4":[1,1]},"_coverageSchema":"1a1c01bbd47fc00a2c39e90264f33305004495a9","hash":"84c6051519d5b9c712886946091635f546131aef"}
,"/Users/sangeetha/Documents/HackReactor/remote-course/SDC_NEW/sdc/sdc_server/qaAPI/Controllers/update.js": {"path":"/Users/sangeetha/Documents/HackReactor/remote-course/SDC_NEW/sdc/sdc_server/qaAPI/Controllers/update.js","statementMap":{"0":{"start":{"line":1,"column":19},"end":{"line":1,"column":44}},"1":{"start":{"line":2,"column":32},"end":{"line":2,"column":57}},"2":{"start":{"line":4,"column":29},"end":{"line":12,"column":1}},"3":{"start":{"line":5,"column":2},"end":{"line":11,"column":4}},"4":{"start":{"line":6,"column":4},"end":{"line":10,"column":5}},"5":{"start":{"line":7,"column":6},"end":{"line":7,"column":20}},"6":{"start":{"line":9,"column":6},"end":{"line":9,"column":27}},"7":{"start":{"line":13,"column":27},"end":{"line":27,"column":1}},"8":{"start":{"line":14,"column":2},"end":{"line":25,"column":5}},"9":{"start":{"line":15,"column":17},"end":{"line":15,"column":32}},"10":{"start":{"line":16,"column":17},"end":{"line":16,"column":33}},"11":{"start":{"line":17,"column":4},"end":{"line":17,"column":58}},"12":{"start":{"line":18,"column":4},"end":{"line":24,"column":4}},"13":{"start":{"line":19,"column":4},"end":{"line":23,"column":5}},"14":{"start":{"line":20,"column":6},"end":{"line":20,"column":17}},"15":{"start":{"line":22,"column":6},"end":{"line":22,"column":20}},"16":{"start":{"line":28,"column":30},"end":{"line":38,"column":1}},"17":{"start":{"line":29,"column":15},"end":{"line":29,"column":40}},"18":{"start":{"line":30,"column":2},"end":{"line":30,"column":47}},"19":{"start":{"line":31,"column":2},"end":{"line":37,"column":4}},"20":{"start":{"line":32,"column":4},"end":{"line":36,"column":5}},"21":{"start":{"line":33,"column":6},"end":{"line":33,"column":22}},"22":{"start":{"line":35,"column":6},"end":{"line":35,"column":27}},"23":{"start":{"line":39,"column":28},"end":{"line":51,"column":1}},"24":{"start":{"line":40,"column":2},"end":{"line":49,"column":4}},"25":{"start":{"line":41,"column":17},"end":{"line":41,"column":32}},"26":{"start":{"line":42,"column":5},"end":{"line":48,"column":4}},"27":{"start":{"line":43,"column":4},"end":{"line":47,"column":5}},"28":{"start":{"line":44,"column":6},"end":{"line":44,"column":17}},"29":{"start":{"line":46,"column":5},"end":{"line":46,"column":19}},"30":{"start":{"line":60,"column":0},"end":{"line":65,"column":1}}},"fnMap":{"0":{"name":"(anonymous_0)","decl":{"start":{"line":4,"column":29},"end":{"line":4,"column":30}},"loc":{"start":{"line":4,"column":60},"end":{"line":12,"column":1}},"line":4},"1":{"name":"(anonymous_1)","decl":{"start":{"line":5,"column":71},"end":{"line":5,"column":72}},"loc":{"start":{"line":5,"column":86},"end":{"line":11,"column":3}},"line":5},"2":{"name":"(anonymous_2)","decl":{"start":{"line":13,"column":27},"end":{"line":13,"column":28}},"loc":{"start":{"line":13,"column":47},"end":{"line":27,"column":1}},"line":13},"3":{"name":"(anonymous_3)","decl":{"start":{"line":14,"column":21},"end":{"line":14,"column":22}},"loc":{"start":{"line":14,"column":41},"end":{"line":25,"column":3}},"line":14},"4":{"name":"(anonymous_4)","decl":{"start":{"line":18,"column":59},"end":{"line":18,"column":60}},"loc":{"start":{"line":18,"column":74},"end":{"line":24,"column":3}},"line":18},"5":{"name":"(anonymous_5)","decl":{"start":{"line":28,"column":30},"end":{"line":28,"column":31}},"loc":{"start":{"line":28,"column":61},"end":{"line":38,"column":1}},"line":28},"6":{"name":"(anonymous_6)","decl":{"start":{"line":31,"column":71},"end":{"line":31,"column":72}},"loc":{"start":{"line":31,"column":88},"end":{"line":37,"column":3}},"line":31},"7":{"name":"(anonymous_7)","decl":{"start":{"line":39,"column":28},"end":{"line":39,"column":29}},"loc":{"start":{"line":39,"column":48},"end":{"line":51,"column":1}},"line":39},"8":{"name":"(anonymous_8)","decl":{"start":{"line":40,"column":21},"end":{"line":40,"column":22}},"loc":{"start":{"line":40,"column":41},"end":{"line":49,"column":3}},"line":40},"9":{"name":"(anonymous_9)","decl":{"start":{"line":42,"column":78},"end":{"line":42,"column":79}},"loc":{"start":{"line":42,"column":93},"end":{"line":48,"column":3}},"line":42}},"branchMap":{"0":{"loc":{"start":{"line":6,"column":4},"end":{"line":10,"column":5}},"type":"if","locations":[{"start":{"line":6,"column":4},"end":{"line":10,"column":5}},{"start":{"line":8,"column":10},"end":{"line":10,"column":5}}],"line":6},"1":{"loc":{"start":{"line":19,"column":4},"end":{"line":23,"column":5}},"type":"if","locations":[{"start":{"line":19,"column":4},"end":{"line":23,"column":5}},{"start":{"line":21,"column":11},"end":{"line":23,"column":5}}],"line":19},"2":{"loc":{"start":{"line":32,"column":4},"end":{"line":36,"column":5}},"type":"if","locations":[{"start":{"line":32,"column":4},"end":{"line":36,"column":5}},{"start":{"line":34,"column":11},"end":{"line":36,"column":5}}],"line":32},"3":{"loc":{"start":{"line":43,"column":4},"end":{"line":47,"column":5}},"type":"if","locations":[{"start":{"line":43,"column":4},"end":{"line":47,"column":5}},{"start":{"line":45,"column":11},"end":{"line":47,"column":5}}],"line":43}},"s":{"0":1,"1":1,"2":1,"3":2,"4":2,"5":0,"6":2,"7":1,"8":2,"9":2,"10":2,"11":2,"12":2,"13":2,"14":0,"15":2,"16":1,"17":1,"18":1,"19":1,"20":1,"21":0,"22":1,"23":1,"24":1,"25":1,"26":1,"27":1,"28":0,"29":1,"30":1},"f":{"0":2,"1":2,"2":2,"3":2,"4":2,"5":1,"6":1,"7":1,"8":1,"9":1},"b":{"0":[0,2],"1":[0,2],"2":[0,1],"3":[0,1]},"_coverageSchema":"1a1c01bbd47fc00a2c39e90264f33305004495a9","hash":"36c05ed08f137cd4fbfaf06dc63bee844427eb45"}
,"/Users/sangeetha/Documents/HackReactor/remote-course/SDC_NEW/sdc/sdc_server/qaAPI/Model/db.js": {"path":"/Users/sangeetha/Documents/HackReactor/remote-course/SDC_NEW/sdc/sdc_server/qaAPI/Model/db.js","statementMap":{"0":{"start":{"line":3,"column":17},"end":{"line":3,"column":36}},"1":{"start":{"line":6,"column":0},"end":{"line":6,"column":53}},"2":{"start":{"line":9,"column":13},"end":{"line":9,"column":34}},"3":{"start":{"line":10,"column":0},"end":{"line":12,"column":1}},"4":{"start":{"line":11,"column":2},"end":{"line":11,"column":86}},"5":{"start":{"line":15,"column":0},"end":{"line":18,"column":3}},"6":{"start":{"line":16,"column":2},"end":{"line":16,"column":27}},"7":{"start":{"line":17,"column":2},"end":{"line":17,"column":46}},"8":{"start":{"line":19,"column":0},"end":{"line":22,"column":3}},"9":{"start":{"line":20,"column":2},"end":{"line":20,"column":27}},"10":{"start":{"line":21,"column":2},"end":{"line":21,"column":46}},"11":{"start":{"line":23,"column":21},"end":{"line":43,"column":1}},"12":{"start":{"line":44,"column":15},"end":{"line":44,"column":57}},"13":{"start":{"line":46,"column":19},"end":{"line":67,"column":1}},"14":{"start":{"line":68,"column":13},"end":{"line":68,"column":51}},"15":{"start":{"line":69,"column":26},"end":{"line":82,"column":30}},"16":{"start":{"line":84,"column":20},"end":{"line":84,"column":73}},"17":{"start":{"line":86,"column":19},"end":{"line":98,"column":2}},"18":{"start":{"line":99,"column":34},"end":{"line":119,"column":38}},"19":{"start":{"line":121,"column":28},"end":{"line":121,"column":97}},"20":{"start":{"line":133,"column":0},"end":{"line":138,"column":1}}},"fnMap":{"0":{"name":"(anonymous_0)","decl":{"start":{"line":15,"column":37},"end":{"line":15,"column":38}},"loc":{"start":{"line":15,"column":43},"end":{"line":18,"column":1}},"line":15},"1":{"name":"(anonymous_1)","decl":{"start":{"line":19,"column":36},"end":{"line":19,"column":37}},"loc":{"start":{"line":19,"column":42},"end":{"line":22,"column":1}},"line":19}},"branchMap":{},"s":{"0":1,"1":1,"2":1,"3":1,"4":5,"5":1,"6":0,"7":0,"8":1,"9":1,"10":1,"11":1,"12":1,"13":1,"14":1,"15":1,"16":1,"17":1,"18":1,"19":1,"20":1},"f":{"0":0,"1":1},"b":{},"_coverageSchema":"1a1c01bbd47fc00a2c39e90264f33305004495a9","hash":"7b1d437c77340c98d13ad4f802103e1e996516a6"}
}
