{"/Users/sangeetha/Documents/HackReactor/remote-course/SDC_NEW/sdc/sdc_server/qaAPI/API/qandaAPI.js": {"path":"/Users/sangeetha/Documents/HackReactor/remote-course/SDC_NEW/sdc/sdc_server/qaAPI/API/qandaAPI.js","statementMap":{"0":{"start":{"line":3,"column":16},"end":{"line":3,"column":34}},"1":{"start":{"line":4,"column":19},"end":{"line":4,"column":41}},"2":{"start":{"line":5,"column":20},"end":{"line":5,"column":42}},"3":{"start":{"line":7,"column":30},"end":{"line":7,"column":64}},"4":{"start":{"line":8,"column":35},"end":{"line":8,"column":69}},"5":{"start":{"line":9,"column":25},"end":{"line":9,"column":60}},"6":{"start":{"line":10,"column":37},"end":{"line":10,"column":72}},"7":{"start":{"line":11,"column":15},"end":{"line":11,"column":50}},"8":{"start":{"line":13,"column":12},"end":{"line":13,"column":21}},"9":{"start":{"line":16,"column":0},"end":{"line":16,"column":27}},"10":{"start":{"line":17,"column":0},"end":{"line":17,"column":45}},"11":{"start":{"line":18,"column":0},"end":{"line":18,"column":23}},"12":{"start":{"line":19,"column":0},"end":{"line":19,"column":24}},"13":{"start":{"line":22,"column":0},"end":{"line":34,"column":3}},"14":{"start":{"line":23,"column":19},"end":{"line":23,"column":39}},"15":{"start":{"line":24,"column":2},"end":{"line":32,"column":4}},"16":{"start":{"line":26,"column":4},"end":{"line":26,"column":25}},"17":{"start":{"line":27,"column":4},"end":{"line":27,"column":21}},"18":{"start":{"line":30,"column":4},"end":{"line":30,"column":25}},"19":{"start":{"line":31,"column":4},"end":{"line":31,"column":20}},"20":{"start":{"line":35,"column":0},"end":{"line":68,"column":3}},"21":{"start":{"line":36,"column":20},"end":{"line":36,"column":42}},"22":{"start":{"line":37,"column":2},"end":{"line":37,"column":71}},"23":{"start":{"line":38,"column":18},"end":{"line":38,"column":20}},"24":{"start":{"line":39,"column":2},"end":{"line":39,"column":35}},"25":{"start":{"line":40,"column":2},"end":{"line":66,"column":4}},"26":{"start":{"line":42,"column":4},"end":{"line":42,"column":27}},"27":{"start":{"line":43,"column":6},"end":{"line":59,"column":10}},"28":{"start":{"line":44,"column":24},"end":{"line":44,"column":26}},"29":{"start":{"line":45,"column":10},"end":{"line":45,"column":42}},"30":{"start":{"line":46,"column":10},"end":{"line":46,"column":39}},"31":{"start":{"line":47,"column":10},"end":{"line":47,"column":57}},"32":{"start":{"line":48,"column":10},"end":{"line":48,"column":53}},"33":{"start":{"line":49,"column":10},"end":{"line":49,"column":39}},"34":{"start":{"line":50,"column":10},"end":{"line":50,"column":32}},"35":{"start":{"line":51,"column":10},"end":{"line":56,"column":13}},"36":{"start":{"line":52,"column":27},"end":{"line":52,"column":29}},"37":{"start":{"line":53,"column":12},"end":{"line":53,"column":35}},"38":{"start":{"line":54,"column":12},"end":{"line":54,"column":37}},"39":{"start":{"line":55,"column":12},"end":{"line":55,"column":44}},"40":{"start":{"line":58,"column":10},"end":{"line":58,"column":45}},"41":{"start":{"line":60,"column":4},"end":{"line":60,"column":25}},"42":{"start":{"line":61,"column":4},"end":{"line":61,"column":24}},"43":{"start":{"line":64,"column":4},"end":{"line":64,"column":25}},"44":{"start":{"line":65,"column":4},"end":{"line":65,"column":20}},"45":{"start":{"line":71,"column":0},"end":{"line":89,"column":3}},"46":{"start":{"line":72,"column":2},"end":{"line":72,"column":30}},"47":{"start":{"line":73,"column":2},"end":{"line":73,"column":24}},"48":{"start":{"line":74,"column":21},"end":{"line":74,"column":29}},"49":{"start":{"line":75,"column":2},"end":{"line":75,"column":28}},"50":{"start":{"line":76,"column":2},"end":{"line":86,"column":4}},"51":{"start":{"line":77,"column":4},"end":{"line":85,"column":5}},"52":{"start":{"line":78,"column":6},"end":{"line":78,"column":30}},"53":{"start":{"line":80,"column":6},"end":{"line":80,"column":31}},"54":{"start":{"line":82,"column":6},"end":{"line":82,"column":30}},"55":{"start":{"line":84,"column":6},"end":{"line":84,"column":37}},"56":{"start":{"line":90,"column":0},"end":{"line":103,"column":2}},"57":{"start":{"line":91,"column":19},"end":{"line":91,"column":27}},"58":{"start":{"line":92,"column":20},"end":{"line":92,"column":42}},"59":{"start":{"line":94,"column":2},"end":{"line":102,"column":4}},"60":{"start":{"line":95,"column":4},"end":{"line":101,"column":5}},"61":{"start":{"line":96,"column":6},"end":{"line":96,"column":32}},"62":{"start":{"line":99,"column":6},"end":{"line":99,"column":38}},"63":{"start":{"line":104,"column":0},"end":{"line":115,"column":3}},"64":{"start":{"line":105,"column":19},"end":{"line":105,"column":41}},"65":{"start":{"line":106,"column":2},"end":{"line":114,"column":4}},"66":{"start":{"line":107,"column":4},"end":{"line":113,"column":5}},"67":{"start":{"line":108,"column":6},"end":{"line":108,"column":26}},"68":{"start":{"line":109,"column":6},"end":{"line":109,"column":19}},"69":{"start":{"line":111,"column":6},"end":{"line":111,"column":26}},"70":{"start":{"line":112,"column":6},"end":{"line":112,"column":17}},"71":{"start":{"line":117,"column":0},"end":{"line":128,"column":3}},"72":{"start":{"line":119,"column":17},"end":{"line":119,"column":37}},"73":{"start":{"line":120,"column":2},"end":{"line":127,"column":4}},"74":{"start":{"line":122,"column":4},"end":{"line":122,"column":26}},"75":{"start":{"line":126,"column":4},"end":{"line":126,"column":27}},"76":{"start":{"line":129,"column":0},"end":{"line":138,"column":3}},"77":{"start":{"line":130,"column":17},"end":{"line":130,"column":37}},"78":{"start":{"line":131,"column":2},"end":{"line":137,"column":4}},"79":{"start":{"line":133,"column":4},"end":{"line":133,"column":29}},"80":{"start":{"line":136,"column":4},"end":{"line":136,"column":27}},"81":{"start":{"line":139,"column":0},"end":{"line":150,"column":3}},"82":{"start":{"line":140,"column":19},"end":{"line":140,"column":41}},"83":{"start":{"line":141,"column":2},"end":{"line":149,"column":4}},"84":{"start":{"line":142,"column":4},"end":{"line":148,"column":5}},"85":{"start":{"line":143,"column":6},"end":{"line":143,"column":26}},"86":{"start":{"line":144,"column":6},"end":{"line":144,"column":19}},"87":{"start":{"line":146,"column":6},"end":{"line":146,"column":26}},"88":{"start":{"line":147,"column":6},"end":{"line":147,"column":17}},"89":{"start":{"line":152,"column":0},"end":{"line":152,"column":21}}},"fnMap":{"0":{"name":"(anonymous_0)","decl":{"start":{"line":22,"column":26},"end":{"line":22,"column":27}},"loc":{"start":{"line":22,"column":37},"end":{"line":34,"column":1}},"line":22},"1":{"name":"(anonymous_1)","decl":{"start":{"line":25,"column":8},"end":{"line":25,"column":9}},"loc":{"start":{"line":25,"column":18},"end":{"line":28,"column":3}},"line":25},"2":{"name":"(anonymous_2)","decl":{"start":{"line":29,"column":9},"end":{"line":29,"column":10}},"loc":{"start":{"line":29,"column":20},"end":{"line":32,"column":3}},"line":29},"3":{"name":"(anonymous_3)","decl":{"start":{"line":35,"column":46},"end":{"line":35,"column":47}},"loc":{"start":{"line":35,"column":59},"end":{"line":68,"column":1}},"line":35},"4":{"name":"(anonymous_4)","decl":{"start":{"line":41,"column":8},"end":{"line":41,"column":9}},"loc":{"start":{"line":41,"column":30},"end":{"line":62,"column":3}},"line":41},"5":{"name":"(anonymous_5)","decl":{"start":{"line":43,"column":31},"end":{"line":43,"column":32}},"loc":{"start":{"line":43,"column":43},"end":{"line":59,"column":8}},"line":43},"6":{"name":"(anonymous_6)","decl":{"start":{"line":51,"column":32},"end":{"line":51,"column":33}},"loc":{"start":{"line":51,"column":43},"end":{"line":56,"column":11}},"line":51},"7":{"name":"(anonymous_7)","decl":{"start":{"line":63,"column":9},"end":{"line":63,"column":10}},"loc":{"start":{"line":63,"column":20},"end":{"line":66,"column":3}},"line":63},"8":{"name":"(anonymous_8)","decl":{"start":{"line":71,"column":27},"end":{"line":71,"column":28}},"loc":{"start":{"line":71,"column":40},"end":{"line":89,"column":1}},"line":71},"9":{"name":"(anonymous_9)","decl":{"start":{"line":76,"column":31},"end":{"line":76,"column":32}},"loc":{"start":{"line":76,"column":45},"end":{"line":86,"column":3}},"line":76},"10":{"name":"(anonymous_10)","decl":{"start":{"line":90,"column":47},"end":{"line":90,"column":48}},"loc":{"start":{"line":90,"column":60},"end":{"line":103,"column":1}},"line":90},"11":{"name":"(anonymous_11)","decl":{"start":{"line":94,"column":54},"end":{"line":94,"column":55}},"loc":{"start":{"line":94,"column":67},"end":{"line":102,"column":3}},"line":94},"12":{"name":"(anonymous_12)","decl":{"start":{"line":104,"column":45},"end":{"line":104,"column":46}},"loc":{"start":{"line":104,"column":59},"end":{"line":115,"column":1}},"line":104},"13":{"name":"(anonymous_13)","decl":{"start":{"line":106,"column":42},"end":{"line":106,"column":43}},"loc":{"start":{"line":106,"column":56},"end":{"line":114,"column":3}},"line":106},"14":{"name":"(anonymous_14)","decl":{"start":{"line":117,"column":41},"end":{"line":117,"column":42}},"loc":{"start":{"line":117,"column":55},"end":{"line":128,"column":1}},"line":117},"15":{"name":"(anonymous_15)","decl":{"start":{"line":121,"column":8},"end":{"line":121,"column":9}},"loc":{"start":{"line":121,"column":18},"end":{"line":124,"column":3}},"line":121},"16":{"name":"(anonymous_16)","decl":{"start":{"line":125,"column":9},"end":{"line":125,"column":10}},"loc":{"start":{"line":125,"column":20},"end":{"line":127,"column":3}},"line":125},"17":{"name":"(anonymous_17)","decl":{"start":{"line":129,"column":42},"end":{"line":129,"column":43}},"loc":{"start":{"line":129,"column":56},"end":{"line":138,"column":1}},"line":129},"18":{"name":"(anonymous_18)","decl":{"start":{"line":132,"column":8},"end":{"line":132,"column":9}},"loc":{"start":{"line":132,"column":18},"end":{"line":134,"column":3}},"line":132},"19":{"name":"(anonymous_19)","decl":{"start":{"line":135,"column":9},"end":{"line":135,"column":10}},"loc":{"start":{"line":135,"column":20},"end":{"line":137,"column":3}},"line":135},"20":{"name":"(anonymous_20)","decl":{"start":{"line":139,"column":46},"end":{"line":139,"column":47}},"loc":{"start":{"line":139,"column":60},"end":{"line":150,"column":1}},"line":139},"21":{"name":"(anonymous_21)","decl":{"start":{"line":141,"column":43},"end":{"line":141,"column":44}},"loc":{"start":{"line":141,"column":57},"end":{"line":149,"column":3}},"line":141}},"branchMap":{"0":{"loc":{"start":{"line":77,"column":4},"end":{"line":85,"column":5}},"type":"if","locations":[{"start":{"line":77,"column":4},"end":{"line":85,"column":5}},{"start":{"line":81,"column":11},"end":{"line":85,"column":5}}],"line":77},"1":{"loc":{"start":{"line":95,"column":4},"end":{"line":101,"column":5}},"type":"if","locations":[{"start":{"line":95,"column":4},"end":{"line":101,"column":5}},{"start":{"line":98,"column":10},"end":{"line":101,"column":5}}],"line":95},"2":{"loc":{"start":{"line":107,"column":4},"end":{"line":113,"column":5}},"type":"if","locations":[{"start":{"line":107,"column":4},"end":{"line":113,"column":5}},{"start":{"line":110,"column":11},"end":{"line":113,"column":5}}],"line":107},"3":{"loc":{"start":{"line":142,"column":4},"end":{"line":148,"column":5}},"type":"if","locations":[{"start":{"line":142,"column":4},"end":{"line":148,"column":5}},{"start":{"line":145,"column":11},"end":{"line":148,"column":5}}],"line":142}},"s":{"0":1,"1":1,"2":1,"3":1,"4":1,"5":1,"6":1,"7":1,"8":1,"9":1,"10":1,"11":1,"12":1,"13":1,"14":1,"15":1,"16":1,"17":1,"18":0,"19":0,"20":1,"21":1,"22":1,"23":1,"24":1,"25":1,"26":1,"27":1,"28":3,"29":3,"30":3,"31":3,"32":3,"33":3,"34":3,"35":3,"36":1,"37":1,"38":1,"39":1,"40":3,"41":1,"42":1,"43":0,"44":0,"45":1,"46":1,"47":1,"48":1,"49":1,"50":1,"51":1,"52":0,"53":0,"54":1,"55":1,"56":1,"57":1,"58":1,"59":1,"60":1,"61":0,"62":1,"63":1,"64":0,"65":0,"66":0,"67":0,"68":0,"69":0,"70":0,"71":1,"72":0,"73":0,"74":0,"75":0,"76":1,"77":0,"78":0,"79":0,"80":0,"81":1,"82":0,"83":0,"84":0,"85":0,"86":0,"87":0,"88":0,"89":1},"f":{"0":1,"1":1,"2":0,"3":1,"4":1,"5":3,"6":1,"7":0,"8":1,"9":1,"10":1,"11":1,"12":0,"13":0,"14":0,"15":0,"16":0,"17":0,"18":0,"19":0,"20":0,"21":0},"b":{"0":[0,1],"1":[0,1],"2":[0,0],"3":[0,0]},"_coverageSchema":"1a1c01bbd47fc00a2c39e90264f33305004495a9","hash":"ca8088357d5695eb47d173e8d9830ba21720f077"}
,"/Users/sangeetha/Documents/HackReactor/remote-course/SDC_NEW/sdc/sdc_server/qaAPI/Controllers/fetch.js": {"path":"/Users/sangeetha/Documents/HackReactor/remote-course/SDC_NEW/sdc/sdc_server/qaAPI/Controllers/fetch.js","statementMap":{"0":{"start":{"line":6,"column":19},"end":{"line":6,"column":44}},"1":{"start":{"line":8,"column":32},"end":{"line":8,"column":57}},"2":{"start":{"line":105,"column":32},"end":{"line":118,"column":2}},"3":{"start":{"line":106,"column":2},"end":{"line":116,"column":5}},"4":{"start":{"line":108,"column":4},"end":{"line":115,"column":6}},"5":{"start":{"line":109,"column":6},"end":{"line":114,"column":7}},"6":{"start":{"line":110,"column":8},"end":{"line":110,"column":19}},"7":{"start":{"line":113,"column":7},"end":{"line":113,"column":33}},"8":{"start":{"line":120,"column":26},"end":{"line":175,"column":1}},"9":{"start":{"line":122,"column":2},"end":{"line":174,"column":3}},"10":{"start":{"line":123,"column":20},"end":{"line":123,"column":22}},"11":{"start":{"line":124,"column":4},"end":{"line":124,"column":37}},"12":{"start":{"line":125,"column":4},"end":{"line":125,"column":27}},"13":{"start":{"line":126,"column":4},"end":{"line":172,"column":5}},"14":{"start":{"line":127,"column":6},"end":{"line":171,"column":5}},"15":{"start":{"line":128,"column":8},"end":{"line":128,"column":19}},"16":{"start":{"line":130,"column":32},"end":{"line":130,"column":34}},"17":{"start":{"line":132,"column":8},"end":{"line":135,"column":9}},"18":{"start":{"line":132,"column":18},"end":{"line":132,"column":19}},"19":{"start":{"line":134,"column":9},"end":{"line":134,"column":83}},"20":{"start":{"line":136,"column":8},"end":{"line":170,"column":9}},"21":{"start":{"line":140,"column":11},"end":{"line":163,"column":12}},"22":{"start":{"line":140,"column":21},"end":{"line":140,"column":22}},"23":{"start":{"line":142,"column":31},"end":{"line":142,"column":33}},"24":{"start":{"line":143,"column":13},"end":{"line":143,"column":64}},"25":{"start":{"line":144,"column":13},"end":{"line":144,"column":62}},"26":{"start":{"line":145,"column":13},"end":{"line":145,"column":64}},"27":{"start":{"line":146,"column":13},"end":{"line":146,"column":58}},"28":{"start":{"line":147,"column":13},"end":{"line":147,"column":68}},"29":{"start":{"line":148,"column":13},"end":{"line":148,"column":73}},"30":{"start":{"line":149,"column":13},"end":{"line":149,"column":69}},"31":{"start":{"line":151,"column":27},"end":{"line":151,"column":56}},"32":{"start":{"line":153,"column":13},"end":{"line":153,"column":38}},"33":{"start":{"line":154,"column":13},"end":{"line":158,"column":14}},"34":{"start":{"line":154,"column":23},"end":{"line":154,"column":24}},"35":{"start":{"line":155,"column":30},"end":{"line":155,"column":43}},"36":{"start":{"line":156,"column":15},"end":{"line":156,"column":58}},"37":{"start":{"line":160,"column":13},"end":{"line":160,"column":49}},"38":{"start":{"line":166,"column":11},"end":{"line":166,"column":30}},"39":{"start":{"line":169,"column":8},"end":{"line":169,"column":22}},"40":{"start":{"line":197,"column":0},"end":{"line":201,"column":1}}},"fnMap":{"0":{"name":"(anonymous_0)","decl":{"start":{"line":105,"column":32},"end":{"line":105,"column":33}},"loc":{"start":{"line":105,"column":52},"end":{"line":118,"column":2}},"line":105},"1":{"name":"(anonymous_1)","decl":{"start":{"line":106,"column":21},"end":{"line":106,"column":22}},"loc":{"start":{"line":106,"column":42},"end":{"line":116,"column":3}},"line":106},"2":{"name":"(anonymous_2)","decl":{"start":{"line":108,"column":57},"end":{"line":108,"column":58}},"loc":{"start":{"line":108,"column":84},"end":{"line":115,"column":5}},"line":108},"3":{"name":"(anonymous_3)","decl":{"start":{"line":120,"column":26},"end":{"line":120,"column":27}},"loc":{"start":{"line":120,"column":46},"end":{"line":175,"column":1}},"line":120},"4":{"name":"(anonymous_4)","decl":{"start":{"line":122,"column":21},"end":{"line":122,"column":22}},"loc":{"start":{"line":122,"column":42},"end":{"line":174,"column":1}},"line":122},"5":{"name":"(anonymous_5)","decl":{"start":{"line":126,"column":42},"end":{"line":126,"column":43}},"loc":{"start":{"line":126,"column":61},"end":{"line":172,"column":3}},"line":126},"6":{"name":"(anonymous_6)","decl":{"start":{"line":137,"column":14},"end":{"line":137,"column":15}},"loc":{"start":{"line":137,"column":37},"end":{"line":167,"column":7}},"line":137},"7":{"name":"(anonymous_7)","decl":{"start":{"line":168,"column":13},"end":{"line":168,"column":14}},"loc":{"start":{"line":168,"column":24},"end":{"line":170,"column":7}},"line":168}},"branchMap":{"0":{"loc":{"start":{"line":109,"column":6},"end":{"line":114,"column":7}},"type":"if","locations":[{"start":{"line":109,"column":6},"end":{"line":114,"column":7}},{"start":{"line":111,"column":12},"end":{"line":114,"column":7}}],"line":109},"1":{"loc":{"start":{"line":127,"column":6},"end":{"line":171,"column":5}},"type":"if","locations":[{"start":{"line":127,"column":6},"end":{"line":171,"column":5}},{"start":{"line":129,"column":12},"end":{"line":171,"column":5}}],"line":127}},"s":{"0":1,"1":1,"2":1,"3":5,"4":5,"5":5,"6":0,"7":5,"8":1,"9":1,"10":1,"11":1,"12":1,"13":1,"14":1,"15":0,"16":1,"17":1,"18":1,"19":4,"20":1,"21":1,"22":1,"23":4,"24":4,"25":4,"26":4,"27":4,"28":4,"29":4,"30":4,"31":4,"32":4,"33":4,"34":4,"35":8,"36":8,"37":4,"38":1,"39":0,"40":1},"f":{"0":5,"1":5,"2":5,"3":1,"4":1,"5":1,"6":1,"7":0},"b":{"0":[0,5],"1":[0,1]},"_coverageSchema":"1a1c01bbd47fc00a2c39e90264f33305004495a9","hash":"f0b196b6a5fe9fd2f19ab5a5314749eb42cc1bbe"}
,"/Users/sangeetha/Documents/HackReactor/remote-course/SDC_NEW/sdc/sdc_server/qaAPI/Controllers/insert.js": {"path":"/Users/sangeetha/Documents/HackReactor/remote-course/SDC_NEW/sdc/sdc_server/qaAPI/Controllers/insert.js","statementMap":{"0":{"start":{"line":4,"column":19},"end":{"line":4,"column":44}},"1":{"start":{"line":6,"column":32},"end":{"line":6,"column":57}},"2":{"start":{"line":9,"column":18},"end":{"line":24,"column":1}},"3":{"start":{"line":10,"column":2},"end":{"line":23,"column":5}},"4":{"start":{"line":12,"column":5},"end":{"line":21,"column":7}},"5":{"start":{"line":13,"column":6},"end":{"line":19,"column":8}},"6":{"start":{"line":15,"column":8},"end":{"line":15,"column":35}},"7":{"start":{"line":18,"column":8},"end":{"line":18,"column":26}},"8":{"start":{"line":34,"column":23},"end":{"line":65,"column":1}},"9":{"start":{"line":36,"column":15},"end":{"line":36,"column":17}},"10":{"start":{"line":37,"column":2},"end":{"line":64,"column":4}},"11":{"start":{"line":40,"column":6},"end":{"line":40,"column":18}},"12":{"start":{"line":41,"column":6},"end":{"line":41,"column":33}},"13":{"start":{"line":42,"column":6},"end":{"line":42,"column":52}},"14":{"start":{"line":43,"column":6},"end":{"line":43,"column":49}},"15":{"start":{"line":44,"column":6},"end":{"line":44,"column":42}},"16":{"start":{"line":45,"column":6},"end":{"line":45,"column":46}},"17":{"start":{"line":46,"column":6},"end":{"line":46,"column":48}},"18":{"start":{"line":47,"column":6},"end":{"line":47,"column":32}},"19":{"start":{"line":48,"column":6},"end":{"line":48,"column":40}},"20":{"start":{"line":49,"column":6},"end":{"line":49,"column":40}},"21":{"start":{"line":50,"column":17},"end":{"line":50,"column":39}},"22":{"start":{"line":51,"column":6},"end":{"line":51,"column":32}},"23":{"start":{"line":52,"column":6},"end":{"line":59,"column":8}},"24":{"start":{"line":53,"column":8},"end":{"line":58,"column":9}},"25":{"start":{"line":54,"column":9},"end":{"line":54,"column":20}},"26":{"start":{"line":57,"column":10},"end":{"line":57,"column":35}},"27":{"start":{"line":62,"column":4},"end":{"line":62,"column":32}},"28":{"start":{"line":63,"column":4},"end":{"line":63,"column":20}},"29":{"start":{"line":132,"column":35},"end":{"line":169,"column":1}},"30":{"start":{"line":134,"column":15},"end":{"line":134,"column":17}},"31":{"start":{"line":135,"column":2},"end":{"line":168,"column":5}},"32":{"start":{"line":137,"column":6},"end":{"line":137,"column":44}},"33":{"start":{"line":138,"column":6},"end":{"line":138,"column":18}},"34":{"start":{"line":139,"column":6},"end":{"line":139,"column":21}},"35":{"start":{"line":140,"column":6},"end":{"line":140,"column":39}},"36":{"start":{"line":141,"column":6},"end":{"line":141,"column":36}},"37":{"start":{"line":142,"column":6},"end":{"line":142,"column":47}},"38":{"start":{"line":143,"column":6},"end":{"line":143,"column":45}},"39":{"start":{"line":144,"column":6},"end":{"line":144,"column":31}},"40":{"start":{"line":145,"column":6},"end":{"line":145,"column":30}},"41":{"start":{"line":146,"column":6},"end":{"line":146,"column":29}},"42":{"start":{"line":147,"column":6},"end":{"line":147,"column":25}},"43":{"start":{"line":148,"column":6},"end":{"line":156,"column":7}},"44":{"start":{"line":149,"column":8},"end":{"line":155,"column":9}},"45":{"start":{"line":149,"column":18},"end":{"line":149,"column":19}},"46":{"start":{"line":150,"column":25},"end":{"line":150,"column":27}},"47":{"start":{"line":151,"column":10},"end":{"line":151,"column":26}},"48":{"start":{"line":152,"column":10},"end":{"line":152,"column":50}},"49":{"start":{"line":153,"column":10},"end":{"line":153,"column":41}},"50":{"start":{"line":154,"column":10},"end":{"line":154,"column":39}},"51":{"start":{"line":158,"column":21},"end":{"line":158,"column":54}},"52":{"start":{"line":159,"column":6},"end":{"line":167,"column":9}},"53":{"start":{"line":160,"column":8},"end":{"line":166,"column":9}},"54":{"start":{"line":162,"column":9},"end":{"line":162,"column":23}},"55":{"start":{"line":165,"column":10},"end":{"line":165,"column":36}},"56":{"start":{"line":186,"column":0},"end":{"line":189,"column":1}}},"fnMap":{"0":{"name":"(anonymous_0)","decl":{"start":{"line":9,"column":18},"end":{"line":9,"column":19}},"loc":{"start":{"line":9,"column":26},"end":{"line":24,"column":1}},"line":9},"1":{"name":"(anonymous_1)","decl":{"start":{"line":10,"column":22},"end":{"line":10,"column":23}},"loc":{"start":{"line":10,"column":43},"end":{"line":23,"column":3}},"line":10},"2":{"name":"(anonymous_2)","decl":{"start":{"line":12,"column":37},"end":{"line":12,"column":38}},"loc":{"start":{"line":12,"column":57},"end":{"line":21,"column":5}},"line":12},"3":{"name":"(anonymous_3)","decl":{"start":{"line":34,"column":23},"end":{"line":34,"column":24}},"loc":{"start":{"line":34,"column":51},"end":{"line":65,"column":1}},"line":34},"4":{"name":"(anonymous_4)","decl":{"start":{"line":38,"column":8},"end":{"line":38,"column":9}},"loc":{"start":{"line":38,"column":20},"end":{"line":60,"column":3}},"line":38},"5":{"name":"(anonymous_5)","decl":{"start":{"line":52,"column":16},"end":{"line":52,"column":17}},"loc":{"start":{"line":52,"column":25},"end":{"line":59,"column":7}},"line":52},"6":{"name":"(anonymous_6)","decl":{"start":{"line":61,"column":9},"end":{"line":61,"column":10}},"loc":{"start":{"line":61,"column":20},"end":{"line":64,"column":3}},"line":61},"7":{"name":"(anonymous_7)","decl":{"start":{"line":132,"column":35},"end":{"line":132,"column":36}},"loc":{"start":{"line":132,"column":79},"end":{"line":169,"column":1}},"line":132},"8":{"name":"(anonymous_8)","decl":{"start":{"line":136,"column":8},"end":{"line":136,"column":9}},"loc":{"start":{"line":136,"column":20},"end":{"line":168,"column":3}},"line":136},"9":{"name":"(anonymous_9)","decl":{"start":{"line":159,"column":21},"end":{"line":159,"column":22}},"loc":{"start":{"line":159,"column":30},"end":{"line":167,"column":7}},"line":159}},"branchMap":{"0":{"loc":{"start":{"line":13,"column":6},"end":{"line":19,"column":8}},"type":"if","locations":[{"start":{"line":13,"column":6},"end":{"line":19,"column":8}},{"start":{"line":16,"column":14},"end":{"line":19,"column":8}}],"line":13},"1":{"loc":{"start":{"line":53,"column":8},"end":{"line":58,"column":9}},"type":"if","locations":[{"start":{"line":53,"column":8},"end":{"line":58,"column":9}},{"start":{"line":56,"column":15},"end":{"line":58,"column":9}}],"line":53},"2":{"loc":{"start":{"line":148,"column":6},"end":{"line":156,"column":7}},"type":"if","locations":[{"start":{"line":148,"column":6},"end":{"line":156,"column":7}},{"start":{},"end":{}}],"line":148},"3":{"loc":{"start":{"line":148,"column":9},"end":{"line":148,"column":72}},"type":"binary-expr","locations":[{"start":{"line":148,"column":9},"end":{"line":148,"column":40}},{"start":{"line":148,"column":44},"end":{"line":148,"column":72}}],"line":148},"4":{"loc":{"start":{"line":160,"column":8},"end":{"line":166,"column":9}},"type":"if","locations":[{"start":{"line":160,"column":8},"end":{"line":166,"column":9}},{"start":{"line":163,"column":15},"end":{"line":166,"column":9}}],"line":160}},"s":{"0":1,"1":1,"2":1,"3":2,"4":2,"5":2,"6":1,"7":1,"8":1,"9":1,"10":1,"11":1,"12":1,"13":1,"14":1,"15":1,"16":1,"17":1,"18":1,"19":1,"20":1,"21":1,"22":1,"23":1,"24":1,"25":0,"26":1,"27":0,"28":0,"29":1,"30":1,"31":1,"32":1,"33":1,"34":1,"35":1,"36":1,"37":1,"38":1,"39":1,"40":1,"41":1,"42":1,"43":1,"44":0,"45":0,"46":0,"47":0,"48":0,"49":0,"50":0,"51":1,"52":1,"53":1,"54":0,"55":1,"56":1},"f":{"0":2,"1":2,"2":2,"3":1,"4":1,"5":1,"6":0,"7":1,"8":1,"9":1},"b":{"0":[1,1],"1":[0,1],"2":[0,1],"3":[1,0],"4":[0,1]},"_coverageSchema":"1a1c01bbd47fc00a2c39e90264f33305004495a9","hash":"52412b57333303ea23004e81609d978b75e384e7"}
,"/Users/sangeetha/Documents/HackReactor/remote-course/SDC_NEW/sdc/sdc_server/qaAPI/Controllers/update.js": {"path":"/Users/sangeetha/Documents/HackReactor/remote-course/SDC_NEW/sdc/sdc_server/qaAPI/Controllers/update.js","statementMap":{"0":{"start":{"line":1,"column":19},"end":{"line":1,"column":44}},"1":{"start":{"line":2,"column":32},"end":{"line":2,"column":57}},"2":{"start":{"line":4,"column":29},"end":{"line":12,"column":1}},"3":{"start":{"line":5,"column":2},"end":{"line":11,"column":4}},"4":{"start":{"line":6,"column":4},"end":{"line":10,"column":5}},"5":{"start":{"line":7,"column":6},"end":{"line":7,"column":20}},"6":{"start":{"line":9,"column":6},"end":{"line":9,"column":27}},"7":{"start":{"line":13,"column":27},"end":{"line":27,"column":1}},"8":{"start":{"line":14,"column":2},"end":{"line":25,"column":5}},"9":{"start":{"line":15,"column":17},"end":{"line":15,"column":32}},"10":{"start":{"line":16,"column":17},"end":{"line":16,"column":33}},"11":{"start":{"line":17,"column":4},"end":{"line":17,"column":58}},"12":{"start":{"line":18,"column":4},"end":{"line":24,"column":4}},"13":{"start":{"line":19,"column":4},"end":{"line":23,"column":5}},"14":{"start":{"line":20,"column":6},"end":{"line":20,"column":17}},"15":{"start":{"line":22,"column":6},"end":{"line":22,"column":20}},"16":{"start":{"line":28,"column":30},"end":{"line":37,"column":1}},"17":{"start":{"line":29,"column":15},"end":{"line":29,"column":40}},"18":{"start":{"line":30,"column":2},"end":{"line":36,"column":4}},"19":{"start":{"line":31,"column":4},"end":{"line":35,"column":5}},"20":{"start":{"line":32,"column":6},"end":{"line":32,"column":22}},"21":{"start":{"line":34,"column":6},"end":{"line":34,"column":27}},"22":{"start":{"line":38,"column":28},"end":{"line":50,"column":1}},"23":{"start":{"line":39,"column":2},"end":{"line":48,"column":4}},"24":{"start":{"line":40,"column":17},"end":{"line":40,"column":32}},"25":{"start":{"line":41,"column":5},"end":{"line":47,"column":4}},"26":{"start":{"line":42,"column":4},"end":{"line":46,"column":5}},"27":{"start":{"line":43,"column":6},"end":{"line":43,"column":17}},"28":{"start":{"line":45,"column":5},"end":{"line":45,"column":19}},"29":{"start":{"line":59,"column":0},"end":{"line":64,"column":1}}},"fnMap":{"0":{"name":"(anonymous_0)","decl":{"start":{"line":4,"column":29},"end":{"line":4,"column":30}},"loc":{"start":{"line":4,"column":60},"end":{"line":12,"column":1}},"line":4},"1":{"name":"(anonymous_1)","decl":{"start":{"line":5,"column":71},"end":{"line":5,"column":72}},"loc":{"start":{"line":5,"column":86},"end":{"line":11,"column":3}},"line":5},"2":{"name":"(anonymous_2)","decl":{"start":{"line":13,"column":27},"end":{"line":13,"column":28}},"loc":{"start":{"line":13,"column":47},"end":{"line":27,"column":1}},"line":13},"3":{"name":"(anonymous_3)","decl":{"start":{"line":14,"column":21},"end":{"line":14,"column":22}},"loc":{"start":{"line":14,"column":41},"end":{"line":25,"column":3}},"line":14},"4":{"name":"(anonymous_4)","decl":{"start":{"line":18,"column":59},"end":{"line":18,"column":60}},"loc":{"start":{"line":18,"column":74},"end":{"line":24,"column":3}},"line":18},"5":{"name":"(anonymous_5)","decl":{"start":{"line":28,"column":30},"end":{"line":28,"column":31}},"loc":{"start":{"line":28,"column":61},"end":{"line":37,"column":1}},"line":28},"6":{"name":"(anonymous_6)","decl":{"start":{"line":30,"column":71},"end":{"line":30,"column":72}},"loc":{"start":{"line":30,"column":88},"end":{"line":36,"column":3}},"line":30},"7":{"name":"(anonymous_7)","decl":{"start":{"line":38,"column":28},"end":{"line":38,"column":29}},"loc":{"start":{"line":38,"column":48},"end":{"line":50,"column":1}},"line":38},"8":{"name":"(anonymous_8)","decl":{"start":{"line":39,"column":21},"end":{"line":39,"column":22}},"loc":{"start":{"line":39,"column":41},"end":{"line":48,"column":3}},"line":39},"9":{"name":"(anonymous_9)","decl":{"start":{"line":41,"column":78},"end":{"line":41,"column":79}},"loc":{"start":{"line":41,"column":93},"end":{"line":47,"column":3}},"line":41}},"branchMap":{"0":{"loc":{"start":{"line":6,"column":4},"end":{"line":10,"column":5}},"type":"if","locations":[{"start":{"line":6,"column":4},"end":{"line":10,"column":5}},{"start":{"line":8,"column":10},"end":{"line":10,"column":5}}],"line":6},"1":{"loc":{"start":{"line":19,"column":4},"end":{"line":23,"column":5}},"type":"if","locations":[{"start":{"line":19,"column":4},"end":{"line":23,"column":5}},{"start":{"line":21,"column":11},"end":{"line":23,"column":5}}],"line":19},"2":{"loc":{"start":{"line":31,"column":4},"end":{"line":35,"column":5}},"type":"if","locations":[{"start":{"line":31,"column":4},"end":{"line":35,"column":5}},{"start":{"line":33,"column":11},"end":{"line":35,"column":5}}],"line":31},"3":{"loc":{"start":{"line":42,"column":4},"end":{"line":46,"column":5}},"type":"if","locations":[{"start":{"line":42,"column":4},"end":{"line":46,"column":5}},{"start":{"line":44,"column":11},"end":{"line":46,"column":5}}],"line":42}},"s":{"0":1,"1":1,"2":1,"3":0,"4":0,"5":0,"6":0,"7":1,"8":0,"9":0,"10":0,"11":0,"12":0,"13":0,"14":0,"15":0,"16":1,"17":0,"18":0,"19":0,"20":0,"21":0,"22":1,"23":0,"24":0,"25":0,"26":0,"27":0,"28":0,"29":1},"f":{"0":0,"1":0,"2":0,"3":0,"4":0,"5":0,"6":0,"7":0,"8":0,"9":0},"b":{"0":[0,0],"1":[0,0],"2":[0,0],"3":[0,0]},"_coverageSchema":"1a1c01bbd47fc00a2c39e90264f33305004495a9","hash":"c74a770fc22bc759bb32475830a2391e38f609d3"}
,"/Users/sangeetha/Documents/HackReactor/remote-course/SDC_NEW/sdc/sdc_server/qaAPI/Model/db.js": {"path":"/Users/sangeetha/Documents/HackReactor/remote-course/SDC_NEW/sdc/sdc_server/qaAPI/Model/db.js","statementMap":{"0":{"start":{"line":3,"column":17},"end":{"line":3,"column":36}},"1":{"start":{"line":6,"column":0},"end":{"line":6,"column":53}},"2":{"start":{"line":9,"column":13},"end":{"line":9,"column":34}},"3":{"start":{"line":10,"column":0},"end":{"line":12,"column":1}},"4":{"start":{"line":11,"column":2},"end":{"line":11,"column":86}},"5":{"start":{"line":15,"column":0},"end":{"line":18,"column":3}},"6":{"start":{"line":16,"column":2},"end":{"line":16,"column":27}},"7":{"start":{"line":17,"column":2},"end":{"line":17,"column":46}},"8":{"start":{"line":19,"column":0},"end":{"line":22,"column":3}},"9":{"start":{"line":20,"column":2},"end":{"line":20,"column":27}},"10":{"start":{"line":21,"column":2},"end":{"line":21,"column":46}},"11":{"start":{"line":23,"column":21},"end":{"line":43,"column":1}},"12":{"start":{"line":44,"column":15},"end":{"line":44,"column":57}},"13":{"start":{"line":46,"column":19},"end":{"line":67,"column":1}},"14":{"start":{"line":68,"column":13},"end":{"line":68,"column":51}},"15":{"start":{"line":69,"column":26},"end":{"line":82,"column":30}},"16":{"start":{"line":84,"column":20},"end":{"line":84,"column":73}},"17":{"start":{"line":86,"column":19},"end":{"line":98,"column":2}},"18":{"start":{"line":99,"column":34},"end":{"line":119,"column":38}},"19":{"start":{"line":121,"column":28},"end":{"line":121,"column":97}},"20":{"start":{"line":133,"column":0},"end":{"line":138,"column":1}}},"fnMap":{"0":{"name":"(anonymous_0)","decl":{"start":{"line":15,"column":37},"end":{"line":15,"column":38}},"loc":{"start":{"line":15,"column":43},"end":{"line":18,"column":1}},"line":15},"1":{"name":"(anonymous_1)","decl":{"start":{"line":19,"column":36},"end":{"line":19,"column":37}},"loc":{"start":{"line":19,"column":42},"end":{"line":22,"column":1}},"line":19}},"branchMap":{},"s":{"0":1,"1":1,"2":1,"3":1,"4":5,"5":1,"6":0,"7":0,"8":1,"9":1,"10":1,"11":1,"12":1,"13":1,"14":1,"15":1,"16":1,"17":1,"18":1,"19":1,"20":1},"f":{"0":0,"1":1},"b":{},"_coverageSchema":"1a1c01bbd47fc00a2c39e90264f33305004495a9","hash":"7b1d437c77340c98d13ad4f802103e1e996516a6"}
}
