TN:
SF:sdc_server/qaAPI/API/qandaAPI.js
FN:22,(anonymous_0)
FN:25,(anonymous_1)
FN:30,(anonymous_2)
FN:36,(anonymous_3)
FN:42,(anonymous_4)
FN:44,(anonymous_5)
FN:52,(anonymous_6)
FN:64,(anonymous_7)
FN:72,(anonymous_8)
FN:77,(anonymous_9)
FN:91,(anonymous_10)
FN:95,(anonymous_11)
FN:105,(anonymous_12)
FN:107,(anonymous_13)
FN:118,(anonymous_14)
FN:122,(anonymous_15)
FN:126,(anonymous_16)
FN:130,(anonymous_17)
FN:133,(anonymous_18)
FN:136,(anonymous_19)
FN:140,(anonymous_20)
FN:144,(anonymous_21)
FNF:22
FNH:19
FNDA:3,(anonymous_0)
FNDA:2,(anonymous_1)
FNDA:1,(anonymous_2)
FNDA:1,(anonymous_3)
FNDA:1,(anonymous_4)
FNDA:3,(anonymous_5)
FNDA:1,(anonymous_6)
FNDA:0,(anonymous_7)
FNDA:1,(anonymous_8)
FNDA:1,(anonymous_9)
FNDA:2,(anonymous_10)
FNDA:2,(anonymous_11)
FNDA:2,(anonymous_12)
FNDA:2,(anonymous_13)
FNDA:2,(anonymous_14)
FNDA:2,(anonymous_15)
FNDA:0,(anonymous_16)
FNDA:1,(anonymous_17)
FNDA:1,(anonymous_18)
FNDA:0,(anonymous_19)
FNDA:1,(anonymous_20)
FNDA:1,(anonymous_21)
DA:3,1
DA:4,1
DA:5,1
DA:7,1
DA:8,1
DA:9,1
DA:10,1
DA:11,1
DA:13,1
DA:16,1
DA:17,1
DA:18,1
DA:19,1
DA:22,1
DA:23,3
DA:24,3
DA:27,2
DA:28,2
DA:31,1
DA:32,1
DA:36,1
DA:37,1
DA:38,1
DA:39,1
DA:40,1
DA:41,1
DA:43,1
DA:44,1
DA:45,3
DA:46,3
DA:47,3
DA:48,3
DA:49,3
DA:50,3
DA:51,3
DA:52,3
DA:53,1
DA:54,1
DA:55,1
DA:56,1
DA:59,3
DA:61,1
DA:62,1
DA:65,0
DA:66,0
DA:72,1
DA:73,1
DA:74,1
DA:75,1
DA:76,1
DA:77,1
DA:78,1
DA:79,0
DA:81,0
DA:83,1
DA:85,1
DA:91,1
DA:92,2
DA:93,2
DA:95,2
DA:96,2
DA:97,1
DA:100,1
DA:105,1
DA:106,2
DA:107,2
DA:108,2
DA:109,0
DA:112,2
DA:118,1
DA:120,2
DA:121,2
DA:123,2
DA:127,0
DA:130,1
DA:131,1
DA:132,1
DA:134,1
DA:137,0
DA:140,1
DA:141,1
DA:142,1
DA:143,1
DA:144,1
DA:145,1
DA:146,0
DA:149,1
DA:155,1
LF:88
LH:80
BRDA:78,0,0,0
BRDA:78,0,1,1
BRDA:96,1,0,1
BRDA:96,1,1,1
BRDA:108,2,0,0
BRDA:108,2,1,2
BRDA:145,3,0,0
BRDA:145,3,1,1
BRF:8
BRH:5
end_of_record
TN:
SF:sdc_server/qaAPI/Controllers/fetch.js
FN:105,(anonymous_0)
FN:106,(anonymous_1)
FN:108,(anonymous_2)
FN:142,(anonymous_3)
FN:144,(anonymous_4)
FN:151,(anonymous_5)
FN:162,(anonymous_6)
FN:200,(anonymous_7)
FNF:8
FNH:7
FNDA:5,(anonymous_0)
FNDA:5,(anonymous_1)
FNDA:5,(anonymous_2)
FNDA:3,(anonymous_3)
FNDA:3,(anonymous_4)
FNDA:3,(anonymous_5)
FNDA:3,(anonymous_6)
FNDA:0,(anonymous_7)
DA:6,1
DA:8,1
DA:105,1
DA:106,5
DA:108,5
DA:109,5
DA:110,0
DA:112,5
DA:114,5
DA:115,11
DA:116,11
DA:117,11
DA:118,11
DA:119,11
DA:120,11
DA:121,11
DA:122,11
DA:123,11
DA:124,11
DA:125,11
DA:126,2
DA:127,2
DA:128,2
DA:129,2
DA:132,11
DA:134,5
DA:142,1
DA:144,3
DA:145,3
DA:146,3
DA:147,3
DA:148,3
DA:149,1
DA:151,3
DA:152,3
DA:153,0
DA:155,3
DA:157,3
DA:159,4
DA:161,3
DA:166,3
DA:168,4
DA:169,4
DA:170,4
DA:171,4
DA:172,4
DA:173,4
DA:174,4
DA:175,4
DA:177,4
DA:179,4
DA:180,4
DA:181,8
DA:182,8
DA:183,8
DA:184,1
DA:186,8
DA:187,8
DA:188,8
DA:192,4
DA:198,3
DA:201,0
DA:229,1
LF:63
LH:60
BRDA:109,0,0,0
BRDA:109,0,1,5
BRDA:148,1,0,1
BRDA:148,1,1,2
BRDA:152,2,0,0
BRDA:152,2,1,3
BRF:6
BRH:4
end_of_record
TN:
SF:sdc_server/qaAPI/Controllers/insert.js
FN:9,(anonymous_0)
FN:10,(anonymous_1)
FN:12,(anonymous_2)
FN:34,(anonymous_3)
FN:38,(anonymous_4)
FN:52,(anonymous_5)
FN:61,(anonymous_6)
FN:132,(anonymous_7)
FN:136,(anonymous_8)
FN:159,(anonymous_9)
FNF:10
FNH:9
FNDA:3,(anonymous_0)
FNDA:3,(anonymous_1)
FNDA:3,(anonymous_2)
FNDA:1,(anonymous_3)
FNDA:1,(anonymous_4)
FNDA:1,(anonymous_5)
FNDA:0,(anonymous_6)
FNDA:2,(anonymous_7)
FNDA:2,(anonymous_8)
FNDA:2,(anonymous_9)
DA:4,1
DA:6,1
DA:9,1
DA:10,3
DA:12,3
DA:13,3
DA:15,1
DA:18,2
DA:34,1
DA:36,1
DA:37,1
DA:40,1
DA:41,1
DA:42,1
DA:43,1
DA:44,1
DA:45,1
DA:46,1
DA:47,1
DA:48,1
DA:49,1
DA:50,1
DA:51,1
DA:52,1
DA:53,1
DA:54,0
DA:57,1
DA:62,0
DA:63,0
DA:132,1
DA:134,2
DA:135,2
DA:137,2
DA:138,2
DA:139,2
DA:140,2
DA:141,2
DA:142,2
DA:143,2
DA:144,2
DA:145,2
DA:146,2
DA:147,2
DA:148,2
DA:149,1
DA:150,1
DA:151,1
DA:152,1
DA:153,1
DA:154,1
DA:158,2
DA:159,2
DA:160,2
DA:162,1
DA:165,1
DA:186,1
LF:56
LH:53
BRDA:13,0,0,1
BRDA:13,0,1,2
BRDA:53,1,0,0
BRDA:53,1,1,1
BRDA:148,2,0,1
BRDA:148,2,1,1
BRDA:148,3,0,2
BRDA:148,3,1,1
BRDA:160,4,0,1
BRDA:160,4,1,1
BRF:10
BRH:9
end_of_record
TN:
SF:sdc_server/qaAPI/Controllers/update.js
FN:4,(anonymous_0)
FN:5,(anonymous_1)
FN:13,(anonymous_2)
FN:14,(anonymous_3)
FN:18,(anonymous_4)
FN:28,(anonymous_5)
FN:31,(anonymous_6)
FN:39,(anonymous_7)
FN:40,(anonymous_8)
FN:42,(anonymous_9)
FNF:10
FNH:10
FNDA:2,(anonymous_0)
FNDA:2,(anonymous_1)
FNDA:2,(anonymous_2)
FNDA:2,(anonymous_3)
FNDA:2,(anonymous_4)
FNDA:1,(anonymous_5)
FNDA:1,(anonymous_6)
FNDA:1,(anonymous_7)
FNDA:1,(anonymous_8)
FNDA:1,(anonymous_9)
DA:1,1
DA:2,1
DA:4,1
DA:5,2
DA:6,2
DA:7,0
DA:9,2
DA:13,1
DA:14,2
DA:15,2
DA:16,2
DA:17,2
DA:18,2
DA:19,2
DA:20,0
DA:22,2
DA:28,1
DA:29,1
DA:30,1
DA:31,1
DA:32,1
DA:33,0
DA:35,1
DA:39,1
DA:40,1
DA:41,1
DA:42,1
DA:43,1
DA:44,0
DA:46,1
DA:60,1
LF:31
LH:27
BRDA:6,0,0,0
BRDA:6,0,1,2
BRDA:19,1,0,0
BRDA:19,1,1,2
BRDA:32,2,0,0
BRDA:32,2,1,1
BRDA:43,3,0,0
BRDA:43,3,1,1
BRF:8
BRH:4
end_of_record
TN:
SF:sdc_server/qaAPI/Model/db.js
FN:15,(anonymous_0)
FN:19,(anonymous_1)
FNF:2
FNH:1
FNDA:0,(anonymous_0)
FNDA:1,(anonymous_1)
DA:3,1
DA:6,1
DA:9,1
DA:10,1
DA:11,5
DA:15,1
DA:16,0
DA:17,0
DA:19,1
DA:20,1
DA:21,1
DA:23,1
DA:44,1
DA:46,1
DA:68,1
DA:69,1
DA:84,1
DA:86,1
DA:99,1
DA:121,1
DA:133,1
LF:21
LH:19
BRF:0
BRH:0
end_of_record
