TN:
SF:sdc_server/qaAPI/API/qandaAPI.js
FN:22,(anonymous_0)
FN:25,(anonymous_1)
FN:29,(anonymous_2)
FN:35,(anonymous_3)
FN:41,(anonymous_4)
FN:43,(anonymous_5)
FN:51,(anonymous_6)
FN:63,(anonymous_7)
FN:71,(anonymous_8)
FN:76,(anonymous_9)
FN:90,(anonymous_10)
FN:94,(anonymous_11)
FN:104,(anonymous_12)
FN:106,(anonymous_13)
FN:117,(anonymous_14)
FN:121,(anonymous_15)
FN:125,(anonymous_16)
FN:129,(anonymous_17)
FN:132,(anonymous_18)
FN:135,(anonymous_19)
FN:139,(anonymous_20)
FN:141,(anonymous_21)
FNF:22
FNH:10
FNDA:1,(anonymous_0)
FNDA:1,(anonymous_1)
FNDA:0,(anonymous_2)
FNDA:1,(anonymous_3)
FNDA:1,(anonymous_4)
FNDA:3,(anonymous_5)
FNDA:1,(anonymous_6)
FNDA:0,(anonymous_7)
FNDA:1,(anonymous_8)
FNDA:1,(anonymous_9)
FNDA:1,(anonymous_10)
FNDA:1,(anonymous_11)
FNDA:0,(anonymous_12)
FNDA:0,(anonymous_13)
FNDA:0,(anonymous_14)
FNDA:0,(anonymous_15)
FNDA:0,(anonymous_16)
FNDA:0,(anonymous_17)
FNDA:0,(anonymous_18)
FNDA:0,(anonymous_19)
FNDA:0,(anonymous_20)
FNDA:0,(anonymous_21)
DA:3,1
DA:4,1
DA:5,1
DA:7,1
DA:8,1
DA:9,1
DA:10,1
DA:11,1
DA:13,1
DA:16,1
DA:17,1
DA:18,1
DA:19,1
DA:22,1
DA:23,1
DA:24,1
DA:26,1
DA:27,1
DA:30,0
DA:31,0
DA:35,1
DA:36,1
DA:37,1
DA:38,1
DA:39,1
DA:40,1
DA:42,1
DA:43,1
DA:44,3
DA:45,3
DA:46,3
DA:47,3
DA:48,3
DA:49,3
DA:50,3
DA:51,3
DA:52,1
DA:53,1
DA:54,1
DA:55,1
DA:58,3
DA:60,1
DA:61,1
DA:64,0
DA:65,0
DA:71,1
DA:72,1
DA:73,1
DA:74,1
DA:75,1
DA:76,1
DA:77,1
DA:78,0
DA:80,0
DA:82,1
DA:84,1
DA:90,1
DA:91,1
DA:92,1
DA:94,1
DA:95,1
DA:96,0
DA:99,1
DA:104,1
DA:105,0
DA:106,0
DA:107,0
DA:108,0
DA:109,0
DA:111,0
DA:112,0
DA:117,1
DA:119,0
DA:120,0
DA:122,0
DA:126,0
DA:129,1
DA:130,0
DA:131,0
DA:133,0
DA:136,0
DA:139,1
DA:140,0
DA:141,0
DA:142,0
DA:143,0
DA:144,0
DA:146,0
DA:147,0
DA:152,1
LF:90
LH:61
BRDA:77,0,0,0
BRDA:77,0,1,1
BRDA:95,1,0,0
BRDA:95,1,1,1
BRDA:107,2,0,0
BRDA:107,2,1,0
BRDA:142,3,0,0
BRDA:142,3,1,0
BRF:8
BRH:2
end_of_record
TN:
SF:sdc_server/qaAPI/Controllers/fetch.js
FN:105,(anonymous_0)
FN:106,(anonymous_1)
FN:108,(anonymous_2)
FN:120,(anonymous_3)
FN:122,(anonymous_4)
FN:126,(anonymous_5)
FN:137,(anonymous_6)
FN:168,(anonymous_7)
FNF:8
FNH:7
FNDA:5,(anonymous_0)
FNDA:5,(anonymous_1)
FNDA:5,(anonymous_2)
FNDA:1,(anonymous_3)
FNDA:1,(anonymous_4)
FNDA:1,(anonymous_5)
FNDA:1,(anonymous_6)
FNDA:0,(anonymous_7)
DA:6,1
DA:8,1
DA:105,1
DA:106,5
DA:108,5
DA:109,5
DA:110,0
DA:113,5
DA:120,1
DA:122,1
DA:123,1
DA:124,1
DA:125,1
DA:126,1
DA:127,1
DA:128,0
DA:130,1
DA:132,1
DA:134,4
DA:136,1
DA:140,1
DA:142,4
DA:143,4
DA:144,4
DA:145,4
DA:146,4
DA:147,4
DA:148,4
DA:149,4
DA:151,4
DA:153,4
DA:154,4
DA:155,8
DA:156,8
DA:160,4
DA:166,1
DA:169,0
DA:197,1
LF:38
LH:35
BRDA:109,0,0,0
BRDA:109,0,1,5
BRDA:127,1,0,0
BRDA:127,1,1,1
BRF:4
BRH:2
end_of_record
TN:
SF:sdc_server/qaAPI/Controllers/insert.js
FN:9,(anonymous_0)
FN:10,(anonymous_1)
FN:12,(anonymous_2)
FN:34,(anonymous_3)
FN:38,(anonymous_4)
FN:52,(anonymous_5)
FN:61,(anonymous_6)
FN:132,(anonymous_7)
FN:136,(anonymous_8)
FN:159,(anonymous_9)
FNF:10
FNH:9
FNDA:2,(anonymous_0)
FNDA:2,(anonymous_1)
FNDA:2,(anonymous_2)
FNDA:1,(anonymous_3)
FNDA:1,(anonymous_4)
FNDA:1,(anonymous_5)
FNDA:0,(anonymous_6)
FNDA:1,(anonymous_7)
FNDA:1,(anonymous_8)
FNDA:1,(anonymous_9)
DA:4,1
DA:6,1
DA:9,1
DA:10,2
DA:12,2
DA:13,2
DA:15,1
DA:18,1
DA:34,1
DA:36,1
DA:37,1
DA:40,1
DA:41,1
DA:42,1
DA:43,1
DA:44,1
DA:45,1
DA:46,1
DA:47,1
DA:48,1
DA:49,1
DA:50,1
DA:51,1
DA:52,1
DA:53,1
DA:54,0
DA:57,1
DA:62,0
DA:63,0
DA:132,1
DA:134,1
DA:135,1
DA:137,1
DA:138,1
DA:139,1
DA:140,1
DA:141,1
DA:142,1
DA:143,1
DA:144,1
DA:145,1
DA:146,1
DA:147,1
DA:148,1
DA:149,0
DA:150,0
DA:151,0
DA:152,0
DA:153,0
DA:154,0
DA:158,1
DA:159,1
DA:160,1
DA:162,0
DA:165,1
DA:186,1
LF:56
LH:46
BRDA:13,0,0,1
BRDA:13,0,1,1
BRDA:53,1,0,0
BRDA:53,1,1,1
BRDA:148,2,0,0
BRDA:148,2,1,1
BRDA:148,3,0,1
BRDA:148,3,1,0
BRDA:160,4,0,0
BRDA:160,4,1,1
BRF:10
BRH:6
end_of_record
TN:
SF:sdc_server/qaAPI/Controllers/update.js
FN:4,(anonymous_0)
FN:5,(anonymous_1)
FN:13,(anonymous_2)
FN:14,(anonymous_3)
FN:18,(anonymous_4)
FN:28,(anonymous_5)
FN:30,(anonymous_6)
FN:38,(anonymous_7)
FN:39,(anonymous_8)
FN:41,(anonymous_9)
FNF:10
FNH:0
FNDA:0,(anonymous_0)
FNDA:0,(anonymous_1)
FNDA:0,(anonymous_2)
FNDA:0,(anonymous_3)
FNDA:0,(anonymous_4)
FNDA:0,(anonymous_5)
FNDA:0,(anonymous_6)
FNDA:0,(anonymous_7)
FNDA:0,(anonymous_8)
FNDA:0,(anonymous_9)
DA:1,1
DA:2,1
DA:4,1
DA:5,0
DA:6,0
DA:7,0
DA:9,0
DA:13,1
DA:14,0
DA:15,0
DA:16,0
DA:17,0
DA:18,0
DA:19,0
DA:20,0
DA:22,0
DA:28,1
DA:29,0
DA:30,0
DA:31,0
DA:32,0
DA:34,0
DA:38,1
DA:39,0
DA:40,0
DA:41,0
DA:42,0
DA:43,0
DA:45,0
DA:59,1
LF:30
LH:7
BRDA:6,0,0,0
BRDA:6,0,1,0
BRDA:19,1,0,0
BRDA:19,1,1,0
BRDA:31,2,0,0
BRDA:31,2,1,0
BRDA:42,3,0,0
BRDA:42,3,1,0
BRF:8
BRH:0
end_of_record
TN:
SF:sdc_server/qaAPI/Model/db.js
FN:15,(anonymous_0)
FN:19,(anonymous_1)
FNF:2
FNH:1
FNDA:0,(anonymous_0)
FNDA:1,(anonymous_1)
DA:3,1
DA:6,1
DA:9,1
DA:10,1
DA:11,5
DA:15,1
DA:16,0
DA:17,0
DA:19,1
DA:20,1
DA:21,1
DA:23,1
DA:44,1
DA:46,1
DA:68,1
DA:69,1
DA:84,1
DA:86,1
DA:99,1
DA:121,1
DA:133,1
LF:21
LH:19
BRF:0
BRH:0
end_of_record
